{"C:\\Users\\USER\\Desktop\\LegalNavigator\\client\\src\\test-setup.ts": {"path":"C:\\Users\\USER\\Desktop\\LegalNavigator\\client\\src\\test-setup.ts","statementMap":{"0":{"start":{"line":5,"column":0},"end":{"line":17,"column":3}},"1":{"start":{"line":7,"column":48},"end":{"line":16,"column":3}},"2":{"start":{"line":20,"column":0},"end":{"line":24,"column":4}},"3":{"start":{"line":20,"column":66},"end":{"line":24,"column":1}},"4":{"start":{"line":27,"column":0},"end":{"line":31,"column":4}},"5":{"start":{"line":27,"column":60},"end":{"line":31,"column":1}},"6":{"start":{"line":34,"column":25},"end":{"line":39,"column":1}},"7":{"start":{"line":40,"column":0},"end":{"line":40,"column":46}},"8":{"start":{"line":43,"column":27},"end":{"line":48,"column":1}},"9":{"start":{"line":49,"column":0},"end":{"line":49,"column":50}},"10":{"start":{"line":52,"column":0},"end":{"line":62,"column":4}},"11":{"start":{"line":52,"column":55},"end":{"line":62,"column":1}},"12":{"start":{"line":65,"column":0},"end":{"line":65,"column":25}},"13":{"start":{"line":68,"column":28},"end":{"line":68,"column":40}},"14":{"start":{"line":69,"column":0},"end":{"line":74,"column":2}},"15":{"start":{"line":70,"column":2},"end":{"line":72,"column":3}},"16":{"start":{"line":71,"column":4},"end":{"line":71,"column":11}},"17":{"start":{"line":73,"column":2},"end":{"line":73,"column":31}}},"fnMap":{"0":{"name":"(anonymous_0)","decl":{"start":{"line":7,"column":38},"end":{"line":7,"column":39}},"loc":{"start":{"line":7,"column":48},"end":{"line":16,"column":3}},"line":7},"1":{"name":"(anonymous_1)","decl":{"start":{"line":20,"column":59},"end":{"line":20,"column":60}},"loc":{"start":{"line":20,"column":66},"end":{"line":24,"column":1}},"line":20},"2":{"name":"(anonymous_2)","decl":{"start":{"line":27,"column":53},"end":{"line":27,"column":54}},"loc":{"start":{"line":27,"column":60},"end":{"line":31,"column":1}},"line":27},"3":{"name":"(anonymous_3)","decl":{"start":{"line":52,"column":48},"end":{"line":52,"column":49}},"loc":{"start":{"line":52,"column":55},"end":{"line":62,"column":1}},"line":52},"4":{"name":"(anonymous_4)","decl":{"start":{"line":69,"column":15},"end":{"line":69,"column":16}},"loc":{"start":{"line":69,"column":28},"end":{"line":74,"column":1}},"line":69}},"branchMap":{"0":{"loc":{"start":{"line":70,"column":2},"end":{"line":72,"column":3}},"type":"if","locations":[{"start":{"line":70,"column":2},"end":{"line":72,"column":3}},{"start":{},"end":{}}],"line":70},"1":{"loc":{"start":{"line":70,"column":6},"end":{"line":70,"column":69}},"type":"binary-expr","locations":[{"start":{"line":70,"column":6},"end":{"line":70,"column":33}},{"start":{"line":70,"column":37},"end":{"line":70,"column":69}}],"line":70}},"s":{"0":0,"1":0,"2":0,"3":0,"4":0,"5":0,"6":0,"7":0,"8":0,"9":0,"10":0,"11":0,"12":0,"13":0,"14":0,"15":0,"16":0,"17":0},"f":{"0":0,"1":0,"2":0,"3":0,"4":0},"b":{"0":[0,0],"1":[0,0]}}
,"C:\\Users\\USER\\Desktop\\LegalNavigator\\client\\src\\components\\ui\\aspect-ratio.tsx": {"path":"C:\\Users\\USER\\Desktop\\LegalNavigator\\client\\src\\components\\ui\\aspect-ratio.tsx","statementMap":{"0":{"start":{"line":3,"column":20},"end":{"line":3,"column":45}}},"fnMap":{},"branchMap":{},"s":{"0":0},"f":{},"b":{}}
,"C:\\Users\\USER\\Desktop\\LegalNavigator\\client\\src\\components\\ui\\collapsible.tsx": {"path":"C:\\Users\\USER\\Desktop\\LegalNavigator\\client\\src\\components\\ui\\collapsible.tsx","statementMap":{"0":{"start":{"line":5,"column":20},"end":{"line":5,"column":45}},"1":{"start":{"line":7,"column":27},"end":{"line":7,"column":66}},"2":{"start":{"line":9,"column":27},"end":{"line":9,"column":66}}},"fnMap":{},"branchMap":{},"s":{"0":0,"1":0,"2":0},"f":{},"b":{}}
,"C:\\Users\\USER\\Desktop\\LegalNavigator\\client\\src\\hooks\\use-auth.ts": {"path":"C:\\Users\\USER\\Desktop\\LegalNavigator\\client\\src\\hooks\\use-auth.ts","statementMap":{"0":{"start":{"line":14,"column":20},"end":{"line":14,"column":63}},"1":{"start":{"line":17,"column":18},"end":{"line":17,"column":41}},"2":{"start":{"line":18,"column":2},"end":{"line":20,"column":3}},"3":{"start":{"line":19,"column":4},"end":{"line":19,"column":67}},"4":{"start":{"line":21,"column":2},"end":{"line":21,"column":17}},"5":{"start":{"line":29,"column":36},"end":{"line":34,"column":4}},"6":{"start":{"line":36,"column":2},"end":{"line":78,"column":9}},"7":{"start":{"line":37,"column":21},"end":{"line":67,"column":5}},"8":{"start":{"line":38,"column":20},"end":{"line":38,"column":54}},"9":{"start":{"line":39,"column":6},"end":{"line":66,"column":7}},"10":{"start":{"line":40,"column":8},"end":{"line":58,"column":9}},"11":{"start":{"line":41,"column":27},"end":{"line":41,"column":71}},"12":{"start":{"line":42,"column":23},"end":{"line":42,"column":44}},"13":{"start":{"line":43,"column":10},"end":{"line":48,"column":13}},"14":{"start":{"line":50,"column":10},"end":{"line":50,"column":62}},"15":{"start":{"line":51,"column":10},"end":{"line":51,"column":48}},"16":{"start":{"line":52,"column":10},"end":{"line":57,"column":13}},"17":{"start":{"line":60,"column":8},"end":{"line":65,"column":11}},"18":{"start":{"line":69,"column":4},"end":{"line":77,"column":7}},"19":{"start":{"line":70,"column":6},"end":{"line":70,"column":67}},"20":{"start":{"line":71,"column":6},"end":{"line":76,"column":9}},"21":{"start":{"line":80,"column":16},"end":{"line":97,"column":3}},"22":{"start":{"line":81,"column":21},"end":{"line":81,"column":85}},"23":{"start":{"line":82,"column":17},"end":{"line":82,"column":38}},"24":{"start":{"line":84,"column":4},"end":{"line":86,"column":5}},"25":{"start":{"line":85,"column":6},"end":{"line":85,"column":62}},"26":{"start":{"line":88,"column":4},"end":{"line":88,"column":51}},"27":{"start":{"line":89,"column":4},"end":{"line":94,"column":7}},"28":{"start":{"line":96,"column":4},"end":{"line":96,"column":14}},"29":{"start":{"line":99,"column":19},"end":{"line":101,"column":3}},"30":{"start":{"line":100,"column":4},"end":{"line":100,"column":61}},"31":{"start":{"line":103,"column":22},"end":{"line":105,"column":3}},"32":{"start":{"line":104,"column":4},"end":{"line":104,"column":73}},"33":{"start":{"line":107,"column":20},"end":{"line":118,"column":3}},"34":{"start":{"line":108,"column":21},"end":{"line":108,"column":87}},"35":{"start":{"line":109,"column":17},"end":{"line":109,"column":38}},"36":{"start":{"line":111,"column":4},"end":{"line":111,"column":51}},"37":{"start":{"line":112,"column":4},"end":{"line":117,"column":7}},"38":{"start":{"line":120,"column":17},"end":{"line":128,"column":3}},"39":{"start":{"line":121,"column":4},"end":{"line":121,"column":42}},"40":{"start":{"line":122,"column":4},"end":{"line":127,"column":7}},"41":{"start":{"line":130,"column":24},"end":{"line":137,"column":3}},"42":{"start":{"line":131,"column":21},"end":{"line":131,"column":73}},"43":{"start":{"line":132,"column":24},"end":{"line":132,"column":45}},"44":{"start":{"line":133,"column":4},"end":{"line":136,"column":8}},"45":{"start":{"line":133,"column":26},"end":{"line":136,"column":5}},"46":{"start":{"line":139,"column":23},"end":{"line":147,"column":3}},"47":{"start":{"line":149,"column":2},"end":{"line":153,"column":4}}},"fnMap":{"0":{"name":"useAuth","decl":{"start":{"line":16,"column":16},"end":{"line":16,"column":23}},"loc":{"start":{"line":16,"column":26},"end":{"line":22,"column":1}},"line":16},"1":{"name":"AuthProvider","decl":{"start":{"line":28,"column":16},"end":{"line":28,"column":28}},"loc":{"start":{"line":28,"column":62},"end":{"line":154,"column":1}},"line":28},"2":{"name":"(anonymous_2)","decl":{"start":{"line":36,"column":12},"end":{"line":36,"column":13}},"loc":{"start":{"line":36,"column":18},"end":{"line":78,"column":3}},"line":36},"3":{"name":"(anonymous_3)","decl":{"start":{"line":37,"column":21},"end":{"line":37,"column":22}},"loc":{"start":{"line":37,"column":33},"end":{"line":67,"column":5}},"line":37},"4":{"name":"(anonymous_4)","decl":{"start":{"line":69,"column":21},"end":{"line":69,"column":22}},"loc":{"start":{"line":69,"column":30},"end":{"line":77,"column":5}},"line":69},"5":{"name":"(anonymous_5)","decl":{"start":{"line":80,"column":16},"end":{"line":80,"column":17}},"loc":{"start":{"line":80,"column":59},"end":{"line":97,"column":3}},"line":80},"6":{"name":"(anonymous_6)","decl":{"start":{"line":99,"column":19},"end":{"line":99,"column":20}},"loc":{"start":{"line":99,"column":113},"end":{"line":101,"column":3}},"line":99},"7":{"name":"(anonymous_7)","decl":{"start":{"line":103,"column":22},"end":{"line":103,"column":23}},"loc":{"start":{"line":103,"column":62},"end":{"line":105,"column":3}},"line":103},"8":{"name":"(anonymous_8)","decl":{"start":{"line":107,"column":20},"end":{"line":107,"column":21}},"loc":{"start":{"line":107,"column":60},"end":{"line":118,"column":3}},"line":107},"9":{"name":"(anonymous_9)","decl":{"start":{"line":120,"column":17},"end":{"line":120,"column":18}},"loc":{"start":{"line":120,"column":23},"end":{"line":128,"column":3}},"line":120},"10":{"name":"(anonymous_10)","decl":{"start":{"line":130,"column":24},"end":{"line":130,"column":25}},"loc":{"start":{"line":130,"column":55},"end":{"line":137,"column":3}},"line":130},"11":{"name":"(anonymous_11)","decl":{"start":{"line":133,"column":17},"end":{"line":133,"column":18}},"loc":{"start":{"line":133,"column":26},"end":{"line":136,"column":5}},"line":133}},"branchMap":{"0":{"loc":{"start":{"line":18,"column":2},"end":{"line":20,"column":3}},"type":"if","locations":[{"start":{"line":18,"column":2},"end":{"line":20,"column":3}},{"start":{},"end":{}}],"line":18},"1":{"loc":{"start":{"line":39,"column":6},"end":{"line":66,"column":7}},"type":"if","locations":[{"start":{"line":39,"column":6},"end":{"line":66,"column":7}},{"start":{"line":59,"column":13},"end":{"line":66,"column":7}}],"line":39},"2":{"loc":{"start":{"line":84,"column":4},"end":{"line":86,"column":5}},"type":"if","locations":[{"start":{"line":84,"column":4},"end":{"line":86,"column":5}},{"start":{},"end":{}}],"line":84}},"s":{"0":0,"1":0,"2":0,"3":0,"4":0,"5":0,"6":0,"7":0,"8":0,"9":0,"10":0,"11":0,"12":0,"13":0,"14":0,"15":0,"16":0,"17":0,"18":0,"19":0,"20":0,"21":0,"22":0,"23":0,"24":0,"25":0,"26":0,"27":0,"28":0,"29":0,"30":0,"31":0,"32":0,"33":0,"34":0,"35":0,"36":0,"37":0,"38":0,"39":0,"40":0,"41":0,"42":0,"43":0,"44":0,"45":0,"46":0,"47":0},"f":{"0":0,"1":0,"2":0,"3":0,"4":0,"5":0,"6":0,"7":0,"8":0,"9":0,"10":0,"11":0},"b":{"0":[0,0],"1":[0,0],"2":[0,0]}}
,"C:\\Users\\USER\\Desktop\\LegalNavigator\\client\\src\\hooks\\use-mobile.tsx": {"path":"C:\\Users\\USER\\Desktop\\LegalNavigator\\client\\src\\hooks\\use-mobile.tsx","statementMap":{"0":{"start":{"line":3,"column":26},"end":{"line":3,"column":29}},"1":{"start":{"line":6,"column":34},"end":{"line":6,"column":80}},"2":{"start":{"line":8,"column":2},"end":{"line":16,"column":8}},"3":{"start":{"line":9,"column":16},"end":{"line":9,"column":76}},"4":{"start":{"line":10,"column":21},"end":{"line":12,"column":5}},"5":{"start":{"line":11,"column":6},"end":{"line":11,"column":56}},"6":{"start":{"line":13,"column":4},"end":{"line":13,"column":44}},"7":{"start":{"line":14,"column":4},"end":{"line":14,"column":54}},"8":{"start":{"line":15,"column":4},"end":{"line":15,"column":60}},"9":{"start":{"line":15,"column":17},"end":{"line":15,"column":60}},"10":{"start":{"line":18,"column":2},"end":{"line":18,"column":19}}},"fnMap":{"0":{"name":"useIsMobile","decl":{"start":{"line":5,"column":16},"end":{"line":5,"column":27}},"loc":{"start":{"line":5,"column":30},"end":{"line":19,"column":1}},"line":5},"1":{"name":"(anonymous_1)","decl":{"start":{"line":8,"column":18},"end":{"line":8,"column":19}},"loc":{"start":{"line":8,"column":24},"end":{"line":16,"column":3}},"line":8},"2":{"name":"(anonymous_2)","decl":{"start":{"line":10,"column":21},"end":{"line":10,"column":22}},"loc":{"start":{"line":10,"column":27},"end":{"line":12,"column":5}},"line":10},"3":{"name":"(anonymous_3)","decl":{"start":{"line":15,"column":11},"end":{"line":15,"column":12}},"loc":{"start":{"line":15,"column":17},"end":{"line":15,"column":60}},"line":15}},"branchMap":{},"s":{"0":0,"1":0,"2":0,"3":0,"4":0,"5":0,"6":0,"7":0,"8":0,"9":0,"10":0},"f":{"0":0,"1":0,"2":0,"3":0},"b":{}}
,"C:\\Users\\USER\\Desktop\\LegalNavigator\\client\\src\\hooks\\use-toast.ts": {"path":"C:\\Users\\USER\\Desktop\\LegalNavigator\\client\\src\\hooks\\use-toast.ts","statementMap":{"0":{"start":{"line":8,"column":20},"end":{"line":8,"column":21}},"1":{"start":{"line":9,"column":27},"end":{"line":9,"column":34}},"2":{"start":{"line":18,"column":20},"end":{"line":23,"column":10}},"3":{"start":{"line":25,"column":12},"end":{"line":25,"column":13}},"4":{"start":{"line":28,"column":2},"end":{"line":28,"column":47}},"5":{"start":{"line":29,"column":2},"end":{"line":29,"column":25}},"6":{"start":{"line":56,"column":22},"end":{"line":56,"column":70}},"7":{"start":{"line":58,"column":25},"end":{"line":72,"column":1}},"8":{"start":{"line":59,"column":2},"end":{"line":61,"column":3}},"9":{"start":{"line":60,"column":4},"end":{"line":60,"column":10}},"10":{"start":{"line":63,"column":18},"end":{"line":69,"column":24}},"11":{"start":{"line":64,"column":4},"end":{"line":64,"column":33}},"12":{"start":{"line":65,"column":4},"end":{"line":68,"column":6}},"13":{"start":{"line":71,"column":2},"end":{"line":71,"column":37}},"14":{"start":{"line":74,"column":23},"end":{"line":127,"column":1}},"15":{"start":{"line":75,"column":2},"end":{"line":126,"column":3}},"16":{"start":{"line":77,"column":6},"end":{"line":80,"column":7}},"17":{"start":{"line":83,"column":6},"end":{"line":88,"column":7}},"18":{"start":{"line":86,"column":10},"end":{"line":86,"column":66}},"19":{"start":{"line":91,"column":26},"end":{"line":91,"column":32}},"20":{"start":{"line":95,"column":6},"end":{"line":101,"column":7}},"21":{"start":{"line":96,"column":8},"end":{"line":96,"column":33}},"22":{"start":{"line":98,"column":8},"end":{"line":100,"column":10}},"23":{"start":{"line":99,"column":10},"end":{"line":99,"column":36}},"24":{"start":{"line":103,"column":6},"end":{"line":113,"column":7}},"25":{"start":{"line":106,"column":10},"end":{"line":111,"column":15}},"26":{"start":{"line":116,"column":6},"end":{"line":121,"column":7}},"27":{"start":{"line":117,"column":8},"end":{"line":120,"column":9}},"28":{"start":{"line":122,"column":6},"end":{"line":125,"column":7}},"29":{"start":{"line":124,"column":43},"end":{"line":124,"column":66}},"30":{"start":{"line":129,"column":49},"end":{"line":129,"column":51}},"31":{"start":{"line":131,"column":25},"end":{"line":131,"column":39}},"32":{"start":{"line":134,"column":2},"end":{"line":134,"column":44}},"33":{"start":{"line":135,"column":2},"end":{"line":137,"column":4}},"34":{"start":{"line":136,"column":4},"end":{"line":136,"column":25}},"35":{"start":{"line":143,"column":13},"end":{"line":143,"column":20}},"36":{"start":{"line":145,"column":17},"end":{"line":149,"column":6}},"37":{"start":{"line":146,"column":4},"end":{"line":149,"column":6}},"38":{"start":{"line":150,"column":18},"end":{"line":150,"column":72}},"39":{"start":{"line":150,"column":24},"end":{"line":150,"column":72}},"40":{"start":{"line":152,"column":2},"end":{"line":162,"column":4}},"41":{"start":{"line":159,"column":8},"end":{"line":159,"column":28}},"42":{"start":{"line":159,"column":19},"end":{"line":159,"column":28}},"43":{"start":{"line":164,"column":2},"end":{"line":168,"column":3}},"44":{"start":{"line":172,"column":28},"end":{"line":172,"column":62}},"45":{"start":{"line":174,"column":2},"end":{"line":182,"column":13}},"46":{"start":{"line":175,"column":4},"end":{"line":175,"column":28}},"47":{"start":{"line":176,"column":4},"end":{"line":181,"column":5}},"48":{"start":{"line":177,"column":20},"end":{"line":177,"column":47}},"49":{"start":{"line":178,"column":6},"end":{"line":180,"column":7}},"50":{"start":{"line":179,"column":8},"end":{"line":179,"column":34}},"51":{"start":{"line":184,"column":2},"end":{"line":188,"column":3}},"52":{"start":{"line":187,"column":35},"end":{"line":187,"column":79}}},"fnMap":{"0":{"name":"genId","decl":{"start":{"line":27,"column":9},"end":{"line":27,"column":14}},"loc":{"start":{"line":27,"column":17},"end":{"line":30,"column":1}},"line":27},"1":{"name":"(anonymous_1)","decl":{"start":{"line":58,"column":25},"end":{"line":58,"column":26}},"loc":{"start":{"line":58,"column":46},"end":{"line":72,"column":1}},"line":58},"2":{"name":"(anonymous_2)","decl":{"start":{"line":63,"column":29},"end":{"line":63,"column":30}},"loc":{"start":{"line":63,"column":35},"end":{"line":69,"column":3}},"line":63},"3":{"name":"(anonymous_3)","decl":{"start":{"line":74,"column":23},"end":{"line":74,"column":24}},"loc":{"start":{"line":74,"column":64},"end":{"line":127,"column":1}},"line":74},"4":{"name":"(anonymous_4)","decl":{"start":{"line":85,"column":33},"end":{"line":85,"column":34}},"loc":{"start":{"line":86,"column":10},"end":{"line":86,"column":66}},"line":86},"5":{"name":"(anonymous_5)","decl":{"start":{"line":98,"column":29},"end":{"line":98,"column":30}},"loc":{"start":{"line":98,"column":40},"end":{"line":100,"column":9}},"line":98},"6":{"name":"(anonymous_6)","decl":{"start":{"line":105,"column":33},"end":{"line":105,"column":34}},"loc":{"start":{"line":106,"column":10},"end":{"line":111,"column":15}},"line":106},"7":{"name":"(anonymous_7)","decl":{"start":{"line":124,"column":36},"end":{"line":124,"column":37}},"loc":{"start":{"line":124,"column":43},"end":{"line":124,"column":66}},"line":124},"8":{"name":"dispatch","decl":{"start":{"line":133,"column":9},"end":{"line":133,"column":17}},"loc":{"start":{"line":133,"column":34},"end":{"line":138,"column":1}},"line":133},"9":{"name":"(anonymous_9)","decl":{"start":{"line":135,"column":20},"end":{"line":135,"column":21}},"loc":{"start":{"line":135,"column":34},"end":{"line":137,"column":3}},"line":135},"10":{"name":"toast","decl":{"start":{"line":142,"column":9},"end":{"line":142,"column":14}},"loc":{"start":{"line":142,"column":36},"end":{"line":169,"column":1}},"line":142},"11":{"name":"(anonymous_11)","decl":{"start":{"line":145,"column":17},"end":{"line":145,"column":18}},"loc":{"start":{"line":146,"column":4},"end":{"line":149,"column":6}},"line":146},"12":{"name":"(anonymous_12)","decl":{"start":{"line":150,"column":18},"end":{"line":150,"column":19}},"loc":{"start":{"line":150,"column":24},"end":{"line":150,"column":72}},"line":150},"13":{"name":"(anonymous_13)","decl":{"start":{"line":158,"column":20},"end":{"line":158,"column":21}},"loc":{"start":{"line":158,"column":30},"end":{"line":160,"column":7}},"line":158},"14":{"name":"useToast","decl":{"start":{"line":171,"column":9},"end":{"line":171,"column":17}},"loc":{"start":{"line":171,"column":20},"end":{"line":189,"column":1}},"line":171},"15":{"name":"(anonymous_15)","decl":{"start":{"line":174,"column":18},"end":{"line":174,"column":19}},"loc":{"start":{"line":174,"column":24},"end":{"line":182,"column":3}},"line":174},"16":{"name":"(anonymous_16)","decl":{"start":{"line":176,"column":11},"end":{"line":176,"column":12}},"loc":{"start":{"line":176,"column":17},"end":{"line":181,"column":5}},"line":176},"17":{"name":"(anonymous_17)","decl":{"start":{"line":187,"column":13},"end":{"line":187,"column":14}},"loc":{"start":{"line":187,"column":35},"end":{"line":187,"column":79}},"line":187}},"branchMap":{"0":{"loc":{"start":{"line":59,"column":2},"end":{"line":61,"column":3}},"type":"if","locations":[{"start":{"line":59,"column":2},"end":{"line":61,"column":3}},{"start":{},"end":{}}],"line":59},"1":{"loc":{"start":{"line":75,"column":2},"end":{"line":126,"column":3}},"type":"switch","locations":[{"start":{"line":76,"column":4},"end":{"line":80,"column":7}},{"start":{"line":82,"column":4},"end":{"line":88,"column":7}},{"start":{"line":90,"column":4},"end":{"line":114,"column":5}},{"start":{"line":115,"column":4},"end":{"line":125,"column":7}}],"line":75},"2":{"loc":{"start":{"line":86,"column":10},"end":{"line":86,"column":66}},"type":"cond-expr","locations":[{"start":{"line":86,"column":37},"end":{"line":86,"column":62}},{"start":{"line":86,"column":65},"end":{"line":86,"column":66}}],"line":86},"3":{"loc":{"start":{"line":95,"column":6},"end":{"line":101,"column":7}},"type":"if","locations":[{"start":{"line":95,"column":6},"end":{"line":101,"column":7}},{"start":{"line":97,"column":13},"end":{"line":101,"column":7}}],"line":95},"4":{"loc":{"start":{"line":106,"column":10},"end":{"line":111,"column":15}},"type":"cond-expr","locations":[{"start":{"line":107,"column":14},"end":{"line":110,"column":15}},{"start":{"line":111,"column":14},"end":{"line":111,"column":15}}],"line":106},"5":{"loc":{"start":{"line":106,"column":10},"end":{"line":106,"column":51}},"type":"binary-expr","locations":[{"start":{"line":106,"column":10},"end":{"line":106,"column":26}},{"start":{"line":106,"column":30},"end":{"line":106,"column":51}}],"line":106},"6":{"loc":{"start":{"line":116,"column":6},"end":{"line":121,"column":7}},"type":"if","locations":[{"start":{"line":116,"column":6},"end":{"line":121,"column":7}},{"start":{},"end":{}}],"line":116},"7":{"loc":{"start":{"line":159,"column":8},"end":{"line":159,"column":28}},"type":"if","locations":[{"start":{"line":159,"column":8},"end":{"line":159,"column":28}},{"start":{},"end":{}}],"line":159},"8":{"loc":{"start":{"line":178,"column":6},"end":{"line":180,"column":7}},"type":"if","locations":[{"start":{"line":178,"column":6},"end":{"line":180,"column":7}},{"start":{},"end":{}}],"line":178}},"s":{"0":0,"1":0,"2":0,"3":0,"4":0,"5":0,"6":0,"7":0,"8":0,"9":0,"10":0,"11":0,"12":0,"13":0,"14":0,"15":0,"16":0,"17":0,"18":0,"19":0,"20":0,"21":0,"22":0,"23":0,"24":0,"25":0,"26":0,"27":0,"28":0,"29":0,"30":0,"31":0,"32":0,"33":0,"34":0,"35":0,"36":0,"37":0,"38":0,"39":0,"40":0,"41":0,"42":0,"43":0,"44":0,"45":0,"46":0,"47":0,"48":0,"49":0,"50":0,"51":0,"52":0},"f":{"0":0,"1":0,"2":0,"3":0,"4":0,"5":0,"6":0,"7":0,"8":0,"9":0,"10":0,"11":0,"12":0,"13":0,"14":0,"15":0,"16":0,"17":0},"b":{"0":[0,0],"1":[0,0,0,0],"2":[0,0],"3":[0,0],"4":[0,0],"5":[0,0],"6":[0,0],"7":[0,0],"8":[0,0]}}
,"C:\\Users\\USER\\Desktop\\LegalNavigator\\client\\src\\hooks\\use-websocket.ts": {"path":"C:\\Users\\USER\\Desktop\\LegalNavigator\\client\\src\\hooks\\use-websocket.ts","statementMap":{"0":{"start":{"line":13,"column":40},"end":{"line":13,"column":55}},"1":{"start":{"line":14,"column":48},"end":{"line":14,"column":99}},"2":{"start":{"line":15,"column":16},"end":{"line":15,"column":46}},"3":{"start":{"line":16,"column":30},"end":{"line":16,"column":54}},"4":{"start":{"line":17,"column":28},"end":{"line":17,"column":37}},"5":{"start":{"line":18,"column":31},"end":{"line":18,"column":32}},"6":{"start":{"line":20,"column":18},"end":{"line":78,"column":98}},"7":{"start":{"line":21,"column":4},"end":{"line":23,"column":5}},"8":{"start":{"line":22,"column":6},"end":{"line":22,"column":13}},"9":{"start":{"line":25,"column":4},"end":{"line":77,"column":5}},"10":{"start":{"line":26,"column":23},"end":{"line":26,"column":77}},"11":{"start":{"line":27,"column":20},"end":{"line":27,"column":61}},"12":{"start":{"line":29,"column":6},"end":{"line":29,"column":43}},"13":{"start":{"line":31,"column":6},"end":{"line":43,"column":8}},"14":{"start":{"line":32,"column":8},"end":{"line":32,"column":43}},"15":{"start":{"line":33,"column":8},"end":{"line":33,"column":29}},"16":{"start":{"line":34,"column":8},"end":{"line":34,"column":43}},"17":{"start":{"line":35,"column":8},"end":{"line":35,"column":38}},"18":{"start":{"line":38,"column":8},"end":{"line":40,"column":9}},"19":{"start":{"line":39,"column":10},"end":{"line":39,"column":62}},"20":{"start":{"line":42,"column":8},"end":{"line":42,"column":30}},"21":{"start":{"line":45,"column":6},"end":{"line":52,"column":8}},"22":{"start":{"line":46,"column":8},"end":{"line":51,"column":9}},"23":{"start":{"line":47,"column":37},"end":{"line":47,"column":59}},"24":{"start":{"line":48,"column":10},"end":{"line":48,"column":39}},"25":{"start":{"line":50,"column":10},"end":{"line":50,"column":69}},"26":{"start":{"line":54,"column":6},"end":{"line":68,"column":8}},"27":{"start":{"line":55,"column":8},"end":{"line":55,"column":73}},"28":{"start":{"line":56,"column":8},"end":{"line":56,"column":30}},"29":{"start":{"line":57,"column":8},"end":{"line":57,"column":45}},"30":{"start":{"line":58,"column":8},"end":{"line":58,"column":33}},"31":{"start":{"line":61,"column":8},"end":{"line":67,"column":9}},"32":{"start":{"line":62,"column":24},"end":{"line":62,"column":69}},"33":{"start":{"line":63,"column":10},"end":{"line":66,"column":20}},"34":{"start":{"line":64,"column":12},"end":{"line":64,"column":40}},"35":{"start":{"line":65,"column":12},"end":{"line":65,"column":22}},"36":{"start":{"line":70,"column":6},"end":{"line":73,"column":8}},"37":{"start":{"line":71,"column":8},"end":{"line":71,"column":49}},"38":{"start":{"line":72,"column":8},"end":{"line":72,"column":33}},"39":{"start":{"line":76,"column":6},"end":{"line":76,"column":69}},"40":{"start":{"line":80,"column":21},"end":{"line":92,"column":8}},"41":{"start":{"line":81,"column":4},"end":{"line":83,"column":5}},"42":{"start":{"line":82,"column":6},"end":{"line":82,"column":48}},"43":{"start":{"line":85,"column":4},"end":{"line":88,"column":5}},"44":{"start":{"line":86,"column":6},"end":{"line":86,"column":28}},"45":{"start":{"line":87,"column":6},"end":{"line":87,"column":27}},"46":{"start":{"line":90,"column":4},"end":{"line":90,"column":26}},"47":{"start":{"line":91,"column":4},"end":{"line":91,"column":41}},"48":{"start":{"line":94,"column":22},"end":{"line":100,"column":8}},"49":{"start":{"line":95,"column":4},"end":{"line":98,"column":5}},"50":{"start":{"line":96,"column":6},"end":{"line":96,"column":50}},"51":{"start":{"line":97,"column":6},"end":{"line":97,"column":18}},"52":{"start":{"line":99,"column":4},"end":{"line":99,"column":17}},"53":{"start":{"line":102,"column":2},"end":{"line":110,"column":43}},"54":{"start":{"line":103,"column":4},"end":{"line":105,"column":5}},"55":{"start":{"line":104,"column":6},"end":{"line":104,"column":16}},"56":{"start":{"line":107,"column":4},"end":{"line":109,"column":6}},"57":{"start":{"line":108,"column":6},"end":{"line":108,"column":19}},"58":{"start":{"line":112,"column":2},"end":{"line":122,"column":9}},"59":{"start":{"line":113,"column":15},"end":{"line":113,"column":28}},"60":{"start":{"line":114,"column":4},"end":{"line":121,"column":5}},"61":{"start":{"line":115,"column":36},"end":{"line":117,"column":7}},"62":{"start":{"line":116,"column":8},"end":{"line":116,"column":42}},"63":{"start":{"line":119,"column":23},"end":{"line":119,"column":63}},"64":{"start":{"line":120,"column":6},"end":{"line":120,"column":43}},"65":{"start":{"line":120,"column":19},"end":{"line":120,"column":42}},"66":{"start":{"line":124,"column":2},"end":{"line":130,"column":4}}},"fnMap":{"0":{"name":"useWebSocket","decl":{"start":{"line":12,"column":16},"end":{"line":12,"column":28}},"loc":{"start":{"line":12,"column":59},"end":{"line":131,"column":1}},"line":12},"1":{"name":"(anonymous_1)","decl":{"start":{"line":20,"column":30},"end":{"line":20,"column":31}},"loc":{"start":{"line":20,"column":36},"end":{"line":78,"column":3}},"line":20},"2":{"name":"(anonymous_2)","decl":{"start":{"line":31,"column":29},"end":{"line":31,"column":30}},"loc":{"start":{"line":31,"column":35},"end":{"line":43,"column":7}},"line":31},"3":{"name":"(anonymous_3)","decl":{"start":{"line":45,"column":32},"end":{"line":45,"column":33}},"loc":{"start":{"line":45,"column":43},"end":{"line":52,"column":7}},"line":45},"4":{"name":"(anonymous_4)","decl":{"start":{"line":54,"column":30},"end":{"line":54,"column":31}},"loc":{"start":{"line":54,"column":41},"end":{"line":68,"column":7}},"line":54},"5":{"name":"(anonymous_5)","decl":{"start":{"line":63,"column":51},"end":{"line":63,"column":52}},"loc":{"start":{"line":63,"column":57},"end":{"line":66,"column":11}},"line":63},"6":{"name":"(anonymous_6)","decl":{"start":{"line":70,"column":30},"end":{"line":70,"column":31}},"loc":{"start":{"line":70,"column":41},"end":{"line":73,"column":7}},"line":70},"7":{"name":"(anonymous_7)","decl":{"start":{"line":80,"column":33},"end":{"line":80,"column":34}},"loc":{"start":{"line":80,"column":39},"end":{"line":92,"column":3}},"line":80},"8":{"name":"(anonymous_8)","decl":{"start":{"line":94,"column":34},"end":{"line":94,"column":35}},"loc":{"start":{"line":94,"column":58},"end":{"line":100,"column":3}},"line":94},"9":{"name":"(anonymous_9)","decl":{"start":{"line":102,"column":12},"end":{"line":102,"column":13}},"loc":{"start":{"line":102,"column":18},"end":{"line":110,"column":3}},"line":102},"10":{"name":"(anonymous_10)","decl":{"start":{"line":107,"column":11},"end":{"line":107,"column":12}},"loc":{"start":{"line":107,"column":17},"end":{"line":109,"column":5}},"line":107},"11":{"name":"(anonymous_11)","decl":{"start":{"line":112,"column":12},"end":{"line":112,"column":13}},"loc":{"start":{"line":112,"column":18},"end":{"line":122,"column":3}},"line":112},"12":{"name":"(anonymous_12)","decl":{"start":{"line":115,"column":36},"end":{"line":115,"column":37}},"loc":{"start":{"line":115,"column":42},"end":{"line":117,"column":7}},"line":115},"13":{"name":"(anonymous_13)","decl":{"start":{"line":120,"column":13},"end":{"line":120,"column":14}},"loc":{"start":{"line":120,"column":19},"end":{"line":120,"column":42}},"line":120}},"branchMap":{"0":{"loc":{"start":{"line":21,"column":4},"end":{"line":23,"column":5}},"type":"if","locations":[{"start":{"line":21,"column":4},"end":{"line":23,"column":5}},{"start":{},"end":{}}],"line":21},"1":{"loc":{"start":{"line":26,"column":23},"end":{"line":26,"column":77}},"type":"cond-expr","locations":[{"start":{"line":26,"column":63},"end":{"line":26,"column":69}},{"start":{"line":26,"column":72},"end":{"line":26,"column":77}}],"line":26},"2":{"loc":{"start":{"line":38,"column":8},"end":{"line":40,"column":9}},"type":"if","locations":[{"start":{"line":38,"column":8},"end":{"line":40,"column":9}},{"start":{},"end":{}}],"line":38},"3":{"loc":{"start":{"line":61,"column":8},"end":{"line":67,"column":9}},"type":"if","locations":[{"start":{"line":61,"column":8},"end":{"line":67,"column":9}},{"start":{},"end":{}}],"line":61},"4":{"loc":{"start":{"line":81,"column":4},"end":{"line":83,"column":5}},"type":"if","locations":[{"start":{"line":81,"column":4},"end":{"line":83,"column":5}},{"start":{},"end":{}}],"line":81},"5":{"loc":{"start":{"line":85,"column":4},"end":{"line":88,"column":5}},"type":"if","locations":[{"start":{"line":85,"column":4},"end":{"line":88,"column":5}},{"start":{},"end":{}}],"line":85},"6":{"loc":{"start":{"line":95,"column":4},"end":{"line":98,"column":5}},"type":"if","locations":[{"start":{"line":95,"column":4},"end":{"line":98,"column":5}},{"start":{},"end":{}}],"line":95},"7":{"loc":{"start":{"line":103,"column":4},"end":{"line":105,"column":5}},"type":"if","locations":[{"start":{"line":103,"column":4},"end":{"line":105,"column":5}},{"start":{},"end":{}}],"line":103},"8":{"loc":{"start":{"line":114,"column":4},"end":{"line":121,"column":5}},"type":"if","locations":[{"start":{"line":114,"column":4},"end":{"line":121,"column":5}},{"start":{},"end":{}}],"line":114}},"s":{"0":0,"1":0,"2":0,"3":0,"4":0,"5":0,"6":0,"7":0,"8":0,"9":0,"10":0,"11":0,"12":0,"13":0,"14":0,"15":0,"16":0,"17":0,"18":0,"19":0,"20":0,"21":0,"22":0,"23":0,"24":0,"25":0,"26":0,"27":0,"28":0,"29":0,"30":0,"31":0,"32":0,"33":0,"34":0,"35":0,"36":0,"37":0,"38":0,"39":0,"40":0,"41":0,"42":0,"43":0,"44":0,"45":0,"46":0,"47":0,"48":0,"49":0,"50":0,"51":0,"52":0,"53":0,"54":0,"55":0,"56":0,"57":0,"58":0,"59":0,"60":0,"61":0,"62":0,"63":0,"64":0,"65":0,"66":0},"f":{"0":0,"1":0,"2":0,"3":0,"4":0,"5":0,"6":0,"7":0,"8":0,"9":0,"10":0,"11":0,"12":0,"13":0},"b":{"0":[0,0],"1":[0,0],"2":[0,0],"3":[0,0],"4":[0,0],"5":[0,0],"6":[0,0],"7":[0,0],"8":[0,0]}}
,"C:\\Users\\USER\\Desktop\\LegalNavigator\\client\\src\\lib\\queryClient.ts": {"path":"C:\\Users\\USER\\Desktop\\LegalNavigator\\client\\src\\lib\\queryClient.ts","statementMap":{"0":{"start":{"line":4,"column":2},"end":{"line":7,"column":3}},"1":{"start":{"line":5,"column":17},"end":{"line":5,"column":53}},"2":{"start":{"line":6,"column":4},"end":{"line":6,"column":46}},"3":{"start":{"line":15,"column":14},"end":{"line":20,"column":4}},"4":{"start":{"line":22,"column":2},"end":{"line":22,"column":29}},"5":{"start":{"line":23,"column":2},"end":{"line":23,"column":13}},"6":{"start":{"line":30,"column":2},"end":{"line":42,"column":3}},"7":{"start":{"line":31,"column":2},"end":{"line":42,"column":3}},"8":{"start":{"line":32,"column":16},"end":{"line":34,"column":6}},"9":{"start":{"line":36,"column":4},"end":{"line":38,"column":5}},"10":{"start":{"line":37,"column":6},"end":{"line":37,"column":18}},"11":{"start":{"line":40,"column":4},"end":{"line":40,"column":31}},"12":{"start":{"line":41,"column":4},"end":{"line":41,"column":28}},"13":{"start":{"line":44,"column":27},"end":{"line":57,"column":2}}},"fnMap":{"0":{"name":"throwIfResNotOk","decl":{"start":{"line":3,"column":15},"end":{"line":3,"column":30}},"loc":{"start":{"line":3,"column":46},"end":{"line":8,"column":1}},"line":3},"1":{"name":"apiRequest","decl":{"start":{"line":10,"column":22},"end":{"line":10,"column":32}},"loc":{"start":{"line":14,"column":21},"end":{"line":24,"column":1}},"line":14},"2":{"name":"(anonymous_2)","decl":{"start":{"line":30,"column":2},"end":{"line":30,"column":3}},"loc":{"start":{"line":31,"column":2},"end":{"line":42,"column":3}},"line":31},"3":{"name":"(anonymous_3)","decl":{"start":{"line":31,"column":2},"end":{"line":31,"column":3}},"loc":{"start":{"line":31,"column":26},"end":{"line":42,"column":3}},"line":31}},"branchMap":{"0":{"loc":{"start":{"line":4,"column":2},"end":{"line":7,"column":3}},"type":"if","locations":[{"start":{"line":4,"column":2},"end":{"line":7,"column":3}},{"start":{},"end":{}}],"line":4},"1":{"loc":{"start":{"line":5,"column":17},"end":{"line":5,"column":53}},"type":"binary-expr","locations":[{"start":{"line":5,"column":18},"end":{"line":5,"column":34}},{"start":{"line":5,"column":39},"end":{"line":5,"column":53}}],"line":5},"2":{"loc":{"start":{"line":17,"column":13},"end":{"line":17,"column":63}},"type":"cond-expr","locations":[{"start":{"line":17,"column":20},"end":{"line":17,"column":58}},{"start":{"line":17,"column":61},"end":{"line":17,"column":63}}],"line":17},"3":{"loc":{"start":{"line":18,"column":10},"end":{"line":18,"column":49}},"type":"cond-expr","locations":[{"start":{"line":18,"column":17},"end":{"line":18,"column":37}},{"start":{"line":18,"column":40},"end":{"line":18,"column":49}}],"line":18},"4":{"loc":{"start":{"line":36,"column":4},"end":{"line":38,"column":5}},"type":"if","locations":[{"start":{"line":36,"column":4},"end":{"line":38,"column":5}},{"start":{},"end":{}}],"line":36},"5":{"loc":{"start":{"line":36,"column":8},"end":{"line":36,"column":67}},"type":"binary-expr","locations":[{"start":{"line":36,"column":8},"end":{"line":36,"column":45}},{"start":{"line":36,"column":49},"end":{"line":36,"column":67}}],"line":36}},"s":{"0":0,"1":0,"2":0,"3":0,"4":0,"5":0,"6":0,"7":0,"8":0,"9":0,"10":0,"11":0,"12":0,"13":0},"f":{"0":0,"1":0,"2":0,"3":0},"b":{"0":[0,0],"1":[0,0],"2":[0,0],"3":[0,0],"4":[0,0],"5":[0,0]}}
,"C:\\Users\\USER\\Desktop\\LegalNavigator\\client\\src\\lib\\utils.ts": {"path":"C:\\Users\\USER\\Desktop\\LegalNavigator\\client\\src\\lib\\utils.ts","statementMap":{"0":{"start":{"line":5,"column":2},"end":{"line":5,"column":30}}},"fnMap":{"0":{"name":"cn","decl":{"start":{"line":4,"column":16},"end":{"line":4,"column":18}},"loc":{"start":{"line":4,"column":44},"end":{"line":6,"column":1}},"line":4}},"branchMap":{},"s":{"0":0},"f":{"0":0},"b":{}}
,"C:\\Users\\USER\\Desktop\\LegalNavigator\\client\\src\\lib\\websocket.ts": {"path":"C:\\Users\\USER\\Desktop\\LegalNavigator\\client\\src\\lib\\websocket.ts","statementMap":{"0":{"start":{"line":4,"column":33},"end":{"line":4,"column":37}},"1":{"start":{"line":5,"column":33},"end":{"line":5,"column":37}},"2":{"start":{"line":6,"column":30},"end":{"line":6,"column":31}},"3":{"start":{"line":7,"column":33},"end":{"line":7,"column":34}},"4":{"start":{"line":8,"column":70},"end":{"line":8,"column":79}},"5":{"start":{"line":11,"column":4},"end":{"line":11,"column":23}},"6":{"start":{"line":12,"column":4},"end":{"line":12,"column":28}},"7":{"start":{"line":16,"column":21},"end":{"line":16,"column":75}},"8":{"start":{"line":17,"column":18},"end":{"line":17,"column":59}},"9":{"start":{"line":19,"column":4},"end":{"line":19,"column":35}},"10":{"start":{"line":21,"column":4},"end":{"line":28,"column":6}},"11":{"start":{"line":22,"column":6},"end":{"line":22,"column":41}},"12":{"start":{"line":23,"column":6},"end":{"line":23,"column":33}},"13":{"start":{"line":25,"column":6},"end":{"line":27,"column":7}},"14":{"start":{"line":26,"column":8},"end":{"line":26,"column":55}},"15":{"start":{"line":30,"column":4},"end":{"line":37,"column":6}},"16":{"start":{"line":31,"column":6},"end":{"line":36,"column":7}},"17":{"start":{"line":32,"column":35},"end":{"line":32,"column":57}},"18":{"start":{"line":33,"column":8},"end":{"line":33,"column":52}},"19":{"start":{"line":35,"column":8},"end":{"line":35,"column":67}},"20":{"start":{"line":39,"column":4},"end":{"line":42,"column":6}},"21":{"start":{"line":40,"column":6},"end":{"line":40,"column":44}},"22":{"start":{"line":41,"column":6},"end":{"line":41,"column":29}},"23":{"start":{"line":44,"column":4},"end":{"line":46,"column":6}},"24":{"start":{"line":45,"column":6},"end":{"line":45,"column":47}},"25":{"start":{"line":50,"column":4},"end":{"line":56,"column":5}},"26":{"start":{"line":51,"column":20},"end":{"line":51,"column":62}},"27":{"start":{"line":52,"column":6},"end":{"line":55,"column":16}},"28":{"start":{"line":53,"column":8},"end":{"line":53,"column":33}},"29":{"start":{"line":54,"column":8},"end":{"line":54,"column":32}},"30":{"start":{"line":60,"column":4},"end":{"line":63,"column":5}},"31":{"start":{"line":61,"column":6},"end":{"line":61,"column":44}},"32":{"start":{"line":62,"column":6},"end":{"line":62,"column":18}},"33":{"start":{"line":64,"column":4},"end":{"line":64,"column":17}},"34":{"start":{"line":68,"column":4},"end":{"line":70,"column":5}},"35":{"start":{"line":69,"column":6},"end":{"line":69,"column":47}},"36":{"start":{"line":71,"column":4},"end":{"line":71,"column":49}},"37":{"start":{"line":73,"column":4},"end":{"line":75,"column":6}},"38":{"start":{"line":74,"column":6},"end":{"line":74,"column":54}},"39":{"start":{"line":79,"column":4},"end":{"line":79,"column":74}},"40":{"start":{"line":79,"column":55},"end":{"line":79,"column":72}},"41":{"start":{"line":83,"column":4},"end":{"line":83,"column":21}},"42":{"start":{"line":84,"column":4},"end":{"line":84,"column":19}},"43":{"start":{"line":85,"column":4},"end":{"line":85,"column":22}},"44":{"start":{"line":86,"column":4},"end":{"line":86,"column":27}},"45":{"start":{"line":90,"column":25},"end":{"line":90,"column":47}}},"fnMap":{"0":{"name":"(anonymous_0)","decl":{"start":{"line":10,"column":2},"end":{"line":10,"column":3}},"loc":{"start":{"line":10,"column":25},"end":{"line":13,"column":3}},"line":10},"1":{"name":"(anonymous_1)","decl":{"start":{"line":15,"column":2},"end":{"line":15,"column":3}},"loc":{"start":{"line":15,"column":29},"end":{"line":47,"column":3}},"line":15},"2":{"name":"(anonymous_2)","decl":{"start":{"line":21,"column":21},"end":{"line":21,"column":22}},"loc":{"start":{"line":21,"column":27},"end":{"line":28,"column":5}},"line":21},"3":{"name":"(anonymous_3)","decl":{"start":{"line":30,"column":24},"end":{"line":30,"column":25}},"loc":{"start":{"line":30,"column":35},"end":{"line":37,"column":5}},"line":30},"4":{"name":"(anonymous_4)","decl":{"start":{"line":39,"column":22},"end":{"line":39,"column":23}},"loc":{"start":{"line":39,"column":28},"end":{"line":42,"column":5}},"line":39},"5":{"name":"(anonymous_5)","decl":{"start":{"line":44,"column":22},"end":{"line":44,"column":23}},"loc":{"start":{"line":44,"column":33},"end":{"line":46,"column":5}},"line":44},"6":{"name":"(anonymous_6)","decl":{"start":{"line":49,"column":2},"end":{"line":49,"column":3}},"loc":{"start":{"line":49,"column":28},"end":{"line":57,"column":3}},"line":49},"7":{"name":"(anonymous_7)","decl":{"start":{"line":52,"column":17},"end":{"line":52,"column":18}},"loc":{"start":{"line":52,"column":23},"end":{"line":55,"column":7}},"line":52},"8":{"name":"(anonymous_8)","decl":{"start":{"line":59,"column":2},"end":{"line":59,"column":3}},"loc":{"start":{"line":59,"column":36},"end":{"line":65,"column":3}},"line":59},"9":{"name":"(anonymous_9)","decl":{"start":{"line":67,"column":2},"end":{"line":67,"column":3}},"loc":{"start":{"line":67,"column":71},"end":{"line":76,"column":3}},"line":67},"10":{"name":"(anonymous_10)","decl":{"start":{"line":73,"column":11},"end":{"line":73,"column":12}},"loc":{"start":{"line":73,"column":17},"end":{"line":75,"column":5}},"line":73},"11":{"name":"(anonymous_11)","decl":{"start":{"line":78,"column":2},"end":{"line":78,"column":3}},"loc":{"start":{"line":78,"column":65},"end":{"line":80,"column":3}},"line":78},"12":{"name":"(anonymous_12)","decl":{"start":{"line":79,"column":43},"end":{"line":79,"column":44}},"loc":{"start":{"line":79,"column":55},"end":{"line":79,"column":72}},"line":79},"13":{"name":"(anonymous_13)","decl":{"start":{"line":82,"column":2},"end":{"line":82,"column":3}},"loc":{"start":{"line":82,"column":15},"end":{"line":87,"column":3}},"line":82}},"branchMap":{"0":{"loc":{"start":{"line":16,"column":21},"end":{"line":16,"column":75}},"type":"cond-expr","locations":[{"start":{"line":16,"column":61},"end":{"line":16,"column":67}},{"start":{"line":16,"column":70},"end":{"line":16,"column":75}}],"line":16},"1":{"loc":{"start":{"line":25,"column":6},"end":{"line":27,"column":7}},"type":"if","locations":[{"start":{"line":25,"column":6},"end":{"line":27,"column":7}},{"start":{},"end":{}}],"line":25},"2":{"loc":{"start":{"line":50,"column":4},"end":{"line":56,"column":5}},"type":"if","locations":[{"start":{"line":50,"column":4},"end":{"line":56,"column":5}},{"start":{},"end":{}}],"line":50},"3":{"loc":{"start":{"line":60,"column":4},"end":{"line":63,"column":5}},"type":"if","locations":[{"start":{"line":60,"column":4},"end":{"line":63,"column":5}},{"start":{},"end":{}}],"line":60},"4":{"loc":{"start":{"line":68,"column":4},"end":{"line":70,"column":5}},"type":"if","locations":[{"start":{"line":68,"column":4},"end":{"line":70,"column":5}},{"start":{},"end":{}}],"line":68}},"s":{"0":0,"1":0,"2":0,"3":0,"4":0,"5":0,"6":0,"7":0,"8":0,"9":0,"10":0,"11":0,"12":0,"13":0,"14":0,"15":0,"16":0,"17":0,"18":0,"19":0,"20":0,"21":0,"22":0,"23":0,"24":0,"25":0,"26":0,"27":0,"28":0,"29":0,"30":0,"31":0,"32":0,"33":0,"34":0,"35":0,"36":0,"37":0,"38":0,"39":0,"40":0,"41":0,"42":0,"43":0,"44":0,"45":0},"f":{"0":0,"1":0,"2":0,"3":0,"4":0,"5":0,"6":0,"7":0,"8":0,"9":0,"10":0,"11":0,"12":0,"13":0},"b":{"0":[0,0],"1":[0,0],"2":[0,0],"3":[0,0],"4":[0,0]}}
,"C:\\Users\\USER\\Desktop\\LegalNavigator\\client\\src\\types\\index.ts": {"path":"C:\\Users\\USER\\Desktop\\LegalNavigator\\client\\src\\types\\index.ts","statementMap":{},"fnMap":{},"branchMap":{},"s":{},"f":{},"b":{}}
,"C:\\Users\\USER\\Desktop\\LegalNavigator\\server\\2fa-service.ts": {"path":"C:\\Users\\USER\\Desktop\\LegalNavigator\\server\\2fa-service.ts","statementMap":{"0":{"start":{"line":15,"column":19},"end":{"line":19,"column":6}},"1":{"start":{"line":21,"column":22},"end":{"line":21,"column":65}},"2":{"start":{"line":24,"column":24},"end":{"line":24,"column":50}},"3":{"start":{"line":26,"column":4},"end":{"line":30,"column":6}},"4":{"start":{"line":37,"column":4},"end":{"line":42,"column":7}},"5":{"start":{"line":49,"column":4},"end":{"line":49,"column":66}},"6":{"start":{"line":56,"column":20},"end":{"line":56,"column":46}},"7":{"start":{"line":57,"column":20},"end":{"line":57,"column":52}},"8":{"start":{"line":59,"column":4},"end":{"line":89,"column":5}},"9":{"start":{"line":60,"column":23},"end":{"line":74,"column":8}},"10":{"start":{"line":76,"column":6},"end":{"line":78,"column":7}},"11":{"start":{"line":77,"column":8},"end":{"line":77,"column":64}},"12":{"start":{"line":80,"column":21},"end":{"line":80,"column":66}},"13":{"start":{"line":81,"column":6},"end":{"line":83,"column":7}},"14":{"start":{"line":82,"column":8},"end":{"line":82,"column":63}},"15":{"start":{"line":85,"column":6},"end":{"line":85,"column":69}},"16":{"start":{"line":87,"column":6},"end":{"line":87,"column":51}},"17":{"start":{"line":88,"column":6},"end":{"line":88,"column":59}},"18":{"start":{"line":96,"column":28},"end":{"line":96,"column":30}},"19":{"start":{"line":97,"column":4},"end":{"line":99,"column":5}},"20":{"start":{"line":97,"column":17},"end":{"line":97,"column":18}},"21":{"start":{"line":98,"column":6},"end":{"line":98,"column":76}},"22":{"start":{"line":100,"column":4},"end":{"line":100,"column":17}},"23":{"start":{"line":107,"column":4},"end":{"line":116,"column":5}},"24":{"start":{"line":109,"column":8},"end":{"line":109,"column":53}},"25":{"start":{"line":111,"column":8},"end":{"line":111,"column":58}},"26":{"start":{"line":113,"column":8},"end":{"line":113,"column":47}},"27":{"start":{"line":115,"column":8},"end":{"line":115,"column":45}},"28":{"start":{"line":123,"column":24},"end":{"line":123,"column":60}},"29":{"start":{"line":125,"column":4},"end":{"line":134,"column":5}},"30":{"start":{"line":127,"column":8},"end":{"line":127,"column":121}},"31":{"start":{"line":129,"column":8},"end":{"line":129,"column":137}},"32":{"start":{"line":131,"column":8},"end":{"line":131,"column":113}},"33":{"start":{"line":133,"column":8},"end":{"line":133,"column":87}},"34":{"start":{"line":141,"column":4},"end":{"line":141,"column":32}},"35":{"start":{"line":148,"column":4},"end":{"line":148,"column":32}},"36":{"start":{"line":152,"column":32},"end":{"line":152,"column":54}}},"fnMap":{"0":{"name":"(anonymous_0)","decl":{"start":{"line":14,"column":2},"end":{"line":14,"column":3}},"loc":{"start":{"line":14,"column":100},"end":{"line":31,"column":3}},"line":14},"1":{"name":"(anonymous_1)","decl":{"start":{"line":36,"column":2},"end":{"line":36,"column":3}},"loc":{"start":{"line":36,"column":53},"end":{"line":43,"column":3}},"line":36},"2":{"name":"(anonymous_2)","decl":{"start":{"line":48,"column":2},"end":{"line":48,"column":3}},"loc":{"start":{"line":48,"column":30},"end":{"line":50,"column":3}},"line":48},"3":{"name":"(anonymous_3)","decl":{"start":{"line":55,"column":2},"end":{"line":55,"column":3}},"loc":{"start":{"line":55,"column":97},"end":{"line":90,"column":3}},"line":55},"4":{"name":"(anonymous_4)","decl":{"start":{"line":95,"column":2},"end":{"line":95,"column":3}},"loc":{"start":{"line":95,"column":42},"end":{"line":101,"column":3}},"line":95},"5":{"name":"(anonymous_5)","decl":{"start":{"line":106,"column":2},"end":{"line":106,"column":3}},"loc":{"start":{"line":106,"column":48},"end":{"line":117,"column":3}},"line":106},"6":{"name":"(anonymous_6)","decl":{"start":{"line":122,"column":2},"end":{"line":122,"column":3}},"loc":{"start":{"line":122,"column":62},"end":{"line":135,"column":3}},"line":122},"7":{"name":"(anonymous_7)","decl":{"start":{"line":140,"column":2},"end":{"line":140,"column":3}},"loc":{"start":{"line":140,"column":42},"end":{"line":142,"column":3}},"line":140},"8":{"name":"(anonymous_8)","decl":{"start":{"line":147,"column":2},"end":{"line":147,"column":3}},"loc":{"start":{"line":147,"column":41},"end":{"line":149,"column":3}},"line":147}},"branchMap":{"0":{"loc":{"start":{"line":14,"column":46},"end":{"line":14,"column":73}},"type":"default-arg","locations":[{"start":{"line":14,"column":64},"end":{"line":14,"column":73}}],"line":14},"1":{"loc":{"start":{"line":55,"column":51},"end":{"line":55,"column":80}},"type":"default-arg","locations":[{"start":{"line":55,"column":66},"end":{"line":55,"column":80}}],"line":55},"2":{"loc":{"start":{"line":76,"column":6},"end":{"line":78,"column":7}},"type":"if","locations":[{"start":{"line":76,"column":6},"end":{"line":78,"column":7}},{"start":{},"end":{}}],"line":76},"3":{"loc":{"start":{"line":81,"column":6},"end":{"line":83,"column":7}},"type":"if","locations":[{"start":{"line":81,"column":6},"end":{"line":83,"column":7}},{"start":{},"end":{}}],"line":81},"4":{"loc":{"start":{"line":107,"column":4},"end":{"line":116,"column":5}},"type":"switch","locations":[{"start":{"line":108,"column":6},"end":{"line":109,"column":53}},{"start":{"line":110,"column":6},"end":{"line":111,"column":58}},{"start":{"line":112,"column":6},"end":{"line":113,"column":47}},{"start":{"line":114,"column":6},"end":{"line":115,"column":45}}],"line":107},"5":{"loc":{"start":{"line":125,"column":4},"end":{"line":134,"column":5}},"type":"switch","locations":[{"start":{"line":126,"column":6},"end":{"line":127,"column":121}},{"start":{"line":128,"column":6},"end":{"line":129,"column":137}},{"start":{"line":130,"column":6},"end":{"line":131,"column":113}},{"start":{"line":132,"column":6},"end":{"line":133,"column":87}}],"line":125}},"s":{"0":3,"1":3,"2":3,"3":3,"4":2,"5":3,"6":3,"7":3,"8":3,"9":3,"10":3,"11":1,"12":2,"13":2,"14":0,"15":2,"16":1,"17":1,"18":3,"19":3,"20":3,"21":30,"22":3,"23":3,"24":0,"25":0,"26":0,"27":3,"28":3,"29":3,"30":0,"31":0,"32":0,"33":3,"34":5,"35":5,"36":1},"f":{"0":3,"1":2,"2":3,"3":3,"4":3,"5":3,"6":3,"7":5,"8":5},"b":{"0":[3],"1":[0],"2":[1,2],"3":[0,2],"4":[0,0,0,3],"5":[0,0,0,3]},"_coverageSchema":"1a1c01bbd47fc00a2c39e90264f33305004495a9","hash":"b7bb0ca2074d5646605dcaf2f9bf327507b0abb5"}
,"C:\\Users\\USER\\Desktop\\LegalNavigator\\server\\ai-service.ts": {"path":"C:\\Users\\USER\\Desktop\\LegalNavigator\\server\\ai-service.ts","statementMap":{"0":{"start":{"line":21,"column":40},"end":{"line":21,"column":44}},"1":{"start":{"line":22,"column":40},"end":{"line":46,"column":1}},"2":{"start":{"line":50,"column":4},"end":{"line":50,"column":75}},"3":{"start":{"line":58,"column":4},"end":{"line":58,"column":23}},"4":{"start":{"line":59,"column":4},"end":{"line":59,"column":48}},"5":{"start":{"line":63,"column":4},"end":{"line":65,"column":5}},"6":{"start":{"line":64,"column":6},"end":{"line":64,"column":105}},"7":{"start":{"line":67,"column":4},"end":{"line":102,"column":5}},"8":{"start":{"line":68,"column":21},"end":{"line":68,"column":44}},"9":{"start":{"line":71,"column":23},"end":{"line":75,"column":8}},"10":{"start":{"line":79,"column":6},"end":{"line":90,"column":7}},"11":{"start":{"line":80,"column":8},"end":{"line":80,"column":46}},"12":{"start":{"line":83,"column":8},"end":{"line":89,"column":10}},"13":{"start":{"line":92,"column":6},"end":{"line":98,"column":8}},"14":{"start":{"line":100,"column":6},"end":{"line":100,"column":60}},"15":{"start":{"line":101,"column":6},"end":{"line":101,"column":73}},"16":{"start":{"line":106,"column":27},"end":{"line":106,"column":77}},"17":{"start":{"line":107,"column":32},"end":{"line":109,"column":38}},"18":{"start":{"line":111,"column":4},"end":{"line":122,"column":3}},"19":{"start":{"line":126,"column":4},"end":{"line":128,"column":5}},"20":{"start":{"line":127,"column":6},"end":{"line":127,"column":41}},"21":{"start":{"line":130,"column":4},"end":{"line":160,"column":5}},"22":{"start":{"line":132,"column":6},"end":{"line":156,"column":7}},"23":{"start":{"line":133,"column":8},"end":{"line":133,"column":53}},"24":{"start":{"line":135,"column":27},"end":{"line":145,"column":9}},"25":{"start":{"line":147,"column":23},"end":{"line":147,"column":148}},"26":{"start":{"line":148,"column":25},"end":{"line":148,"column":57}},"27":{"start":{"line":151,"column":25},"end":{"line":153,"column":9}},"28":{"start":{"line":152,"column":10},"end":{"line":152,"column":60}},"29":{"start":{"line":155,"column":8},"end":{"line":155,"column":55}},"30":{"start":{"line":158,"column":6},"end":{"line":158,"column":56}},"31":{"start":{"line":159,"column":6},"end":{"line":159,"column":41}},"32":{"start":{"line":164,"column":4},"end":{"line":166,"column":5}},"33":{"start":{"line":165,"column":6},"end":{"line":165,"column":171}},"34":{"start":{"line":167,"column":4},"end":{"line":167,"column":140}},"35":{"start":{"line":171,"column":30},"end":{"line":171,"column":50}}},"fnMap":{"0":{"name":"(anonymous_0)","decl":{"start":{"line":48,"column":2},"end":{"line":48,"column":3}},"loc":{"start":{"line":48,"column":16},"end":{"line":51,"column":3}},"line":48},"1":{"name":"(anonymous_1)","decl":{"start":{"line":57,"column":2},"end":{"line":57,"column":3}},"loc":{"start":{"line":57,"column":33},"end":{"line":60,"column":3}},"line":57},"2":{"name":"(anonymous_2)","decl":{"start":{"line":62,"column":2},"end":{"line":62,"column":3}},"loc":{"start":{"line":62,"column":69},"end":{"line":103,"column":3}},"line":62},"3":{"name":"(anonymous_3)","decl":{"start":{"line":105,"column":2},"end":{"line":105,"column":3}},"loc":{"start":{"line":105,"column":49},"end":{"line":123,"column":3}},"line":105},"4":{"name":"(anonymous_4)","decl":{"start":{"line":125,"column":2},"end":{"line":125,"column":3}},"loc":{"start":{"line":125,"column":59},"end":{"line":161,"column":3}},"line":125},"5":{"name":"(anonymous_5)","decl":{"start":{"line":151,"column":41},"end":{"line":151,"column":42}},"loc":{"start":{"line":152,"column":10},"end":{"line":152,"column":60}},"line":152},"6":{"name":"(anonymous_6)","decl":{"start":{"line":163,"column":2},"end":{"line":163,"column":3}},"loc":{"start":{"line":163,"column":51},"end":{"line":168,"column":3}},"line":163}},"branchMap":{"0":{"loc":{"start":{"line":63,"column":4},"end":{"line":65,"column":5}},"type":"if","locations":[{"start":{"line":63,"column":4},"end":{"line":65,"column":5}},{"start":{},"end":{}}],"line":63},"1":{"loc":{"start":{"line":74,"column":18},"end":{"line":74,"column":40}},"type":"binary-expr","locations":[{"start":{"line":74,"column":18},"end":{"line":74,"column":32}},{"start":{"line":74,"column":36},"end":{"line":74,"column":40}}],"line":74},"2":{"loc":{"start":{"line":93,"column":16},"end":{"line":93,"column":49}},"type":"binary-expr","locations":[{"start":{"line":93,"column":16},"end":{"line":93,"column":37}},{"start":{"line":93,"column":41},"end":{"line":93,"column":49}}],"line":93},"3":{"loc":{"start":{"line":94,"column":18},"end":{"line":94,"column":87}},"type":"binary-expr","locations":[{"start":{"line":94,"column":18},"end":{"line":94,"column":41}},{"start":{"line":94,"column":45},"end":{"line":94,"column":87}}],"line":94},"4":{"loc":{"start":{"line":95,"column":20},"end":{"line":95,"column":52}},"type":"binary-expr","locations":[{"start":{"line":95,"column":20},"end":{"line":95,"column":45}},{"start":{"line":95,"column":49},"end":{"line":95,"column":52}}],"line":95},"5":{"loc":{"start":{"line":96,"column":20},"end":{"line":96,"column":74}},"type":"binary-expr","locations":[{"start":{"line":96,"column":20},"end":{"line":96,"column":45}},{"start":{"line":96,"column":49},"end":{"line":96,"column":74}}],"line":96},"6":{"loc":{"start":{"line":97,"column":20},"end":{"line":97,"column":83}},"type":"binary-expr","locations":[{"start":{"line":97,"column":20},"end":{"line":97,"column":45}},{"start":{"line":97,"column":49},"end":{"line":97,"column":83}}],"line":97},"7":{"loc":{"start":{"line":106,"column":27},"end":{"line":106,"column":77}},"type":"cond-expr","locations":[{"start":{"line":106,"column":43},"end":{"line":106,"column":72}},{"start":{"line":106,"column":75},"end":{"line":106,"column":77}}],"line":106},"8":{"loc":{"start":{"line":107,"column":32},"end":{"line":109,"column":38}},"type":"cond-expr","locations":[{"start":{"line":108,"column":8},"end":{"line":108,"column":37}},{"start":{"line":109,"column":8},"end":{"line":109,"column":38}}],"line":107},"9":{"loc":{"start":{"line":126,"column":4},"end":{"line":128,"column":5}},"type":"if","locations":[{"start":{"line":126,"column":4},"end":{"line":128,"column":5}},{"start":{},"end":{}}],"line":126},"10":{"loc":{"start":{"line":132,"column":6},"end":{"line":156,"column":7}},"type":"if","locations":[{"start":{"line":132,"column":6},"end":{"line":156,"column":7}},{"start":{"line":134,"column":13},"end":{"line":156,"column":7}}],"line":132},"11":{"loc":{"start":{"line":155,"column":15},"end":{"line":155,"column":54}},"type":"binary-expr","locations":[{"start":{"line":155,"column":15},"end":{"line":155,"column":23}},{"start":{"line":155,"column":27},"end":{"line":155,"column":54}}],"line":155},"12":{"loc":{"start":{"line":164,"column":4},"end":{"line":166,"column":5}},"type":"if","locations":[{"start":{"line":164,"column":4},"end":{"line":166,"column":5}},{"start":{},"end":{}}],"line":164}},"s":{"0":2,"1":2,"2":2,"3":6,"4":6,"5":5,"6":1,"7":4,"8":4,"9":4,"10":3,"11":3,"12":1,"13":3,"14":1,"15":1,"16":4,"17":4,"18":4,"19":1,"20":0,"21":1,"22":1,"23":1,"24":0,"25":0,"26":0,"27":0,"28":0,"29":0,"30":0,"31":0,"32":0,"33":0,"34":0,"35":1},"f":{"0":2,"1":6,"2":5,"3":4,"4":1,"5":0,"6":0},"b":{"0":[1,4],"1":[4,2],"2":[3,0],"3":[3,0],"4":[3,0],"5":[3,0],"6":[3,0],"7":[0,4],"8":[1,3],"9":[0,1],"10":[1,0],"11":[0,0],"12":[0,0]},"_coverageSchema":"1a1c01bbd47fc00a2c39e90264f33305004495a9","hash":"7f0dea4e3f4bce02bbe1a7299a09d3406452022d"}
,"C:\\Users\\USER\\Desktop\\LegalNavigator\\server\\db-fallback.ts": {"path":"C:\\Users\\USER\\Desktop\\LegalNavigator\\server\\db-fallback.ts","statementMap":{"0":{"start":{"line":7,"column":28},"end":{"line":7,"column":33}},"1":{"start":{"line":10,"column":2},"end":{"line":43,"column":3}},"2":{"start":{"line":12,"column":17},"end":{"line":23,"column":6}},"3":{"start":{"line":26,"column":23},"end":{"line":26,"column":49}},"4":{"start":{"line":27,"column":4},"end":{"line":27,"column":28}},"5":{"start":{"line":28,"column":4},"end":{"line":28,"column":25}},"6":{"start":{"line":30,"column":4},"end":{"line":30,"column":52}},"7":{"start":{"line":31,"column":4},"end":{"line":31,"column":33}},"8":{"start":{"line":32,"column":4},"end":{"line":32,"column":59}},"9":{"start":{"line":34,"column":4},"end":{"line":34,"column":14}},"10":{"start":{"line":36,"column":4},"end":{"line":36,"column":55}},"11":{"start":{"line":37,"column":4},"end":{"line":37,"column":77}},"12":{"start":{"line":38,"column":4},"end":{"line":38,"column":84}},"13":{"start":{"line":39,"column":4},"end":{"line":39,"column":76}},"14":{"start":{"line":42,"column":4},"end":{"line":42,"column":77}},"15":{"start":{"line":47,"column":34},"end":{"line":52,"column":1}},"16":{"start":{"line":48,"column":2},"end":{"line":50,"column":3}},"17":{"start":{"line":49,"column":4},"end":{"line":49,"column":37}},"18":{"start":{"line":51,"column":2},"end":{"line":51,"column":12}}},"fnMap":{"0":{"name":"createDatabaseConnection","decl":{"start":{"line":9,"column":15},"end":{"line":9,"column":39}},"loc":{"start":{"line":9,"column":42},"end":{"line":44,"column":1}},"line":9},"1":{"name":"(anonymous_1)","decl":{"start":{"line":47,"column":34},"end":{"line":47,"column":35}},"loc":{"start":{"line":47,"column":46},"end":{"line":52,"column":1}},"line":47}},"branchMap":{"0":{"loc":{"start":{"line":13,"column":12},"end":{"line":13,"column":46}},"type":"binary-expr","locations":[{"start":{"line":13,"column":12},"end":{"line":13,"column":31}},{"start":{"line":13,"column":35},"end":{"line":13,"column":46}}],"line":13},"1":{"loc":{"start":{"line":14,"column":12},"end":{"line":14,"column":41}},"type":"binary-expr","locations":[{"start":{"line":14,"column":12},"end":{"line":14,"column":31}},{"start":{"line":14,"column":35},"end":{"line":14,"column":41}}],"line":14},"2":{"loc":{"start":{"line":15,"column":16},"end":{"line":15,"column":53}},"type":"binary-expr","locations":[{"start":{"line":15,"column":16},"end":{"line":15,"column":39}},{"start":{"line":15,"column":43},"end":{"line":15,"column":53}}],"line":15},"3":{"loc":{"start":{"line":16,"column":16},"end":{"line":16,"column":51}},"type":"binary-expr","locations":[{"start":{"line":16,"column":16},"end":{"line":16,"column":35}},{"start":{"line":16,"column":39},"end":{"line":16,"column":51}}],"line":16},"4":{"loc":{"start":{"line":17,"column":21},"end":{"line":17,"column":50}},"type":"binary-expr","locations":[{"start":{"line":17,"column":21},"end":{"line":17,"column":40}},{"start":{"line":17,"column":44},"end":{"line":17,"column":50}}],"line":17},"5":{"loc":{"start":{"line":48,"column":2},"end":{"line":50,"column":3}},"type":"if","locations":[{"start":{"line":48,"column":2},"end":{"line":50,"column":3}},{"start":{},"end":{}}],"line":48}},"s":{"0":0,"1":0,"2":0,"3":0,"4":0,"5":0,"6":0,"7":0,"8":0,"9":0,"10":0,"11":0,"12":0,"13":0,"14":0,"15":0,"16":0,"17":0,"18":0},"f":{"0":0,"1":0},"b":{"0":[0,0],"1":[0,0],"2":[0,0],"3":[0,0],"4":[0,0],"5":[0,0]}}
,"C:\\Users\\USER\\Desktop\\LegalNavigator\\server\\db-mysql.ts": {"path":"C:\\Users\\USER\\Desktop\\LegalNavigator\\server\\db-mysql.ts","statementMap":{"0":{"start":{"line":6,"column":2},"end":{"line":29,"column":3}},"1":{"start":{"line":7,"column":25},"end":{"line":7,"column":102}},"2":{"start":{"line":10,"column":16},"end":{"line":10,"column":37}},"3":{"start":{"line":12,"column":23},"end":{"line":19,"column":6}},"4":{"start":{"line":21,"column":4},"end":{"line":21,"column":57}},"5":{"start":{"line":23,"column":15},"end":{"line":23,"column":63}},"6":{"start":{"line":24,"column":4},"end":{"line":24,"column":14}},"7":{"start":{"line":26,"column":4},"end":{"line":26,"column":65}},"8":{"start":{"line":27,"column":4},"end":{"line":27,"column":56}},"9":{"start":{"line":28,"column":4},"end":{"line":28,"column":16}},"10":{"start":{"line":32,"column":34},"end":{"line":32,"column":58}}},"fnMap":{"0":{"name":"createDatabaseConnection","decl":{"start":{"line":5,"column":15},"end":{"line":5,"column":39}},"loc":{"start":{"line":5,"column":42},"end":{"line":30,"column":1}},"line":5}},"branchMap":{"0":{"loc":{"start":{"line":7,"column":25},"end":{"line":7,"column":102}},"type":"binary-expr","locations":[{"start":{"line":7,"column":25},"end":{"line":7,"column":49}},{"start":{"line":7,"column":53},"end":{"line":7,"column":102}}],"line":7},"1":{"loc":{"start":{"line":14,"column":12},"end":{"line":14,"column":38}},"type":"binary-expr","locations":[{"start":{"line":14,"column":12},"end":{"line":14,"column":30}},{"start":{"line":14,"column":34},"end":{"line":14,"column":38}}],"line":14}},"s":{"0":0,"1":0,"2":0,"3":0,"4":0,"5":0,"6":0,"7":0,"8":0,"9":0,"10":0},"f":{"0":0},"b":{"0":[0,0],"1":[0,0]}}
,"C:\\Users\\USER\\Desktop\\LegalNavigator\\server\\db-pg.ts": {"path":"C:\\Users\\USER\\Desktop\\LegalNavigator\\server\\db-pg.ts","statementMap":{"0":{"start":{"line":7,"column":2},"end":{"line":16,"column":3}},"1":{"start":{"line":8,"column":16},"end":{"line":8,"column":47}},"2":{"start":{"line":9,"column":15},"end":{"line":9,"column":56}},"3":{"start":{"line":11,"column":4},"end":{"line":11,"column":64}},"4":{"start":{"line":12,"column":4},"end":{"line":12,"column":14}},"5":{"start":{"line":14,"column":4},"end":{"line":14,"column":60}},"6":{"start":{"line":15,"column":4},"end":{"line":15,"column":82}},"7":{"start":{"line":19,"column":18},"end":{"line":19,"column":50}}},"fnMap":{"0":{"name":"createDatabaseConnection","decl":{"start":{"line":6,"column":15},"end":{"line":6,"column":39}},"loc":{"start":{"line":6,"column":42},"end":{"line":17,"column":1}},"line":6}},"branchMap":{},"s":{"0":0,"1":0,"2":0,"3":0,"4":0,"5":0,"6":0,"7":0},"f":{"0":0},"b":{}}
,"C:\\Users\\USER\\Desktop\\LegalNavigator\\server\\db.ts": {"path":"C:\\Users\\USER\\Desktop\\LegalNavigator\\server\\db.ts","statementMap":{"0":{"start":{"line":6,"column":17},"end":{"line":6,"column":72}},"1":{"start":{"line":9,"column":2},"end":{"line":57,"column":3}},"2":{"start":{"line":10,"column":4},"end":{"line":50,"column":5}},"3":{"start":{"line":12,"column":37},"end":{"line":12,"column":74}},"4":{"start":{"line":13,"column":23},"end":{"line":13,"column":63}},"5":{"start":{"line":14,"column":23},"end":{"line":14,"column":61}},"6":{"start":{"line":16,"column":6},"end":{"line":18,"column":7}},"7":{"start":{"line":17,"column":8},"end":{"line":17,"column":103}},"8":{"start":{"line":19,"column":18},"end":{"line":19,"column":48}},"9":{"start":{"line":20,"column":17},"end":{"line":20,"column":53}},"10":{"start":{"line":21,"column":6},"end":{"line":21,"column":75}},"11":{"start":{"line":22,"column":6},"end":{"line":22,"column":16}},"12":{"start":{"line":25,"column":6},"end":{"line":25,"column":83}},"13":{"start":{"line":27,"column":23},"end":{"line":34,"column":7}},"14":{"start":{"line":36,"column":6},"end":{"line":49,"column":7}},"15":{"start":{"line":37,"column":27},"end":{"line":37,"column":65}},"16":{"start":{"line":38,"column":19},"end":{"line":38,"column":67}},"17":{"start":{"line":39,"column":8},"end":{"line":39,"column":63}},"18":{"start":{"line":40,"column":8},"end":{"line":40,"column":18}},"19":{"start":{"line":42,"column":8},"end":{"line":42,"column":65}},"20":{"start":{"line":43,"column":8},"end":{"line":43,"column":59}},"21":{"start":{"line":44,"column":8},"end":{"line":44,"column":74}},"22":{"start":{"line":45,"column":8},"end":{"line":45,"column":65}},"23":{"start":{"line":46,"column":8},"end":{"line":46,"column":66}},"24":{"start":{"line":47,"column":8},"end":{"line":47,"column":54}},"25":{"start":{"line":48,"column":8},"end":{"line":48,"column":20}},"26":{"start":{"line":52,"column":4},"end":{"line":52,"column":72}},"27":{"start":{"line":54,"column":4},"end":{"line":56,"column":6}},"28":{"start":{"line":55,"column":19},"end":{"line":55,"column":97}},"29":{"start":{"line":61,"column":18},"end":{"line":61,"column":44}}},"fnMap":{"0":{"name":"createDatabaseConnection","decl":{"start":{"line":8,"column":15},"end":{"line":8,"column":39}},"loc":{"start":{"line":8,"column":42},"end":{"line":58,"column":1}},"line":8},"1":{"name":"(anonymous_1)","decl":{"start":{"line":55,"column":13},"end":{"line":55,"column":14}},"loc":{"start":{"line":55,"column":19},"end":{"line":55,"column":97}},"line":55}},"branchMap":{"0":{"loc":{"start":{"line":6,"column":17},"end":{"line":6,"column":72}},"type":"binary-expr","locations":[{"start":{"line":6,"column":17},"end":{"line":6,"column":49}},{"start":{"line":6,"column":53},"end":{"line":6,"column":72}}],"line":6},"1":{"loc":{"start":{"line":10,"column":4},"end":{"line":50,"column":5}},"type":"if","locations":[{"start":{"line":10,"column":4},"end":{"line":50,"column":5}},{"start":{"line":23,"column":11},"end":{"line":50,"column":5}}],"line":10},"2":{"loc":{"start":{"line":16,"column":6},"end":{"line":18,"column":7}},"type":"if","locations":[{"start":{"line":16,"column":6},"end":{"line":18,"column":7}},{"start":{},"end":{}}],"line":16},"3":{"loc":{"start":{"line":28,"column":14},"end":{"line":28,"column":48}},"type":"binary-expr","locations":[{"start":{"line":28,"column":14},"end":{"line":28,"column":33}},{"start":{"line":28,"column":37},"end":{"line":28,"column":48}}],"line":28},"4":{"loc":{"start":{"line":29,"column":23},"end":{"line":29,"column":52}},"type":"binary-expr","locations":[{"start":{"line":29,"column":23},"end":{"line":29,"column":42}},{"start":{"line":29,"column":46},"end":{"line":29,"column":52}}],"line":29},"5":{"loc":{"start":{"line":30,"column":14},"end":{"line":30,"column":43}},"type":"binary-expr","locations":[{"start":{"line":30,"column":14},"end":{"line":30,"column":33}},{"start":{"line":30,"column":37},"end":{"line":30,"column":43}}],"line":30},"6":{"loc":{"start":{"line":31,"column":18},"end":{"line":31,"column":47}},"type":"binary-expr","locations":[{"start":{"line":31,"column":18},"end":{"line":31,"column":41}},{"start":{"line":31,"column":45},"end":{"line":31,"column":47}}],"line":31},"7":{"loc":{"start":{"line":32,"column":18},"end":{"line":32,"column":53}},"type":"binary-expr","locations":[{"start":{"line":32,"column":18},"end":{"line":32,"column":37}},{"start":{"line":32,"column":41},"end":{"line":32,"column":53}}],"line":32}},"s":{"0":0,"1":0,"2":0,"3":0,"4":0,"5":0,"6":0,"7":0,"8":0,"9":0,"10":0,"11":0,"12":0,"13":0,"14":0,"15":0,"16":0,"17":0,"18":0,"19":0,"20":0,"21":0,"22":0,"23":0,"24":0,"25":0,"26":0,"27":0,"28":0,"29":0},"f":{"0":0,"1":0},"b":{"0":[0,0],"1":[0,0],"2":[0,0],"3":[0,0],"4":[0,0],"5":[0,0],"6":[0,0],"7":[0,0]}}
,"C:\\Users\\USER\\Desktop\\LegalNavigator\\server\\example-model-integration.ts": {"path":"C:\\Users\\USER\\Desktop\\LegalNavigator\\server\\example-model-integration.ts","statementMap":{"0":{"start":{"line":12,"column":4},"end":{"line":12,"column":29}},"1":{"start":{"line":16,"column":21},"end":{"line":25,"column":6}},"2":{"start":{"line":27,"column":4},"end":{"line":29,"column":5}},"3":{"start":{"line":28,"column":6},"end":{"line":28,"column":70}},"4":{"start":{"line":31,"column":17},"end":{"line":31,"column":38}},"5":{"start":{"line":32,"column":4},"end":{"line":32,"column":53}},"6":{"start":{"line":36,"column":19},"end":{"line":36,"column":71}},"7":{"start":{"line":37,"column":21},"end":{"line":37,"column":47}},"8":{"start":{"line":38,"column":4},"end":{"line":38,"column":27}},"9":{"start":{"line":48,"column":4},"end":{"line":48,"column":25}},"10":{"start":{"line":49,"column":4},"end":{"line":49,"column":31}},"11":{"start":{"line":53,"column":21},"end":{"line":69,"column":5}},"12":{"start":{"line":71,"column":17},"end":{"line":71,"column":38}},"13":{"start":{"line":72,"column":4},"end":{"line":72,"column":41}},"14":{"start":{"line":82,"column":4},"end":{"line":82,"column":27}},"15":{"start":{"line":83,"column":4},"end":{"line":83,"column":25}},"16":{"start":{"line":87,"column":44},"end":{"line":89,"column":5}},"17":{"start":{"line":91,"column":4},"end":{"line":93,"column":5}},"18":{"start":{"line":92,"column":6},"end":{"line":92,"column":57}},"19":{"start":{"line":95,"column":21},"end":{"line":103,"column":6}},"20":{"start":{"line":105,"column":17},"end":{"line":105,"column":38}},"21":{"start":{"line":106,"column":4},"end":{"line":106,"column":53}}},"fnMap":{"0":{"name":"(anonymous_0)","decl":{"start":{"line":11,"column":2},"end":{"line":11,"column":3}},"loc":{"start":{"line":11,"column":66},"end":{"line":13,"column":3}},"line":11},"1":{"name":"(anonymous_1)","decl":{"start":{"line":15,"column":2},"end":{"line":15,"column":3}},"loc":{"start":{"line":15,"column":64},"end":{"line":33,"column":3}},"line":15},"2":{"name":"(anonymous_2)","decl":{"start":{"line":35,"column":2},"end":{"line":35,"column":3}},"loc":{"start":{"line":35,"column":50},"end":{"line":39,"column":3}},"line":35},"3":{"name":"(anonymous_3)","decl":{"start":{"line":47,"column":2},"end":{"line":47,"column":3}},"loc":{"start":{"line":47,"column":78},"end":{"line":50,"column":3}},"line":47},"4":{"name":"(anonymous_4)","decl":{"start":{"line":52,"column":2},"end":{"line":52,"column":3}},"loc":{"start":{"line":52,"column":64},"end":{"line":73,"column":3}},"line":52},"5":{"name":"(anonymous_5)","decl":{"start":{"line":81,"column":2},"end":{"line":81,"column":3}},"loc":{"start":{"line":81,"column":48},"end":{"line":84,"column":3}},"line":81},"6":{"name":"(anonymous_6)","decl":{"start":{"line":86,"column":2},"end":{"line":86,"column":3}},"loc":{"start":{"line":86,"column":64},"end":{"line":107,"column":3}},"line":86}},"branchMap":{"0":{"loc":{"start":{"line":11,"column":14},"end":{"line":11,"column":64}},"type":"default-arg","locations":[{"start":{"line":11,"column":33},"end":{"line":11,"column":64}}],"line":11},"1":{"loc":{"start":{"line":21,"column":20},"end":{"line":21,"column":47}},"type":"binary-expr","locations":[{"start":{"line":21,"column":20},"end":{"line":21,"column":39}},{"start":{"line":21,"column":43},"end":{"line":21,"column":47}}],"line":21},"2":{"loc":{"start":{"line":22,"column":21},"end":{"line":22,"column":48}},"type":"binary-expr","locations":[{"start":{"line":22,"column":21},"end":{"line":22,"column":41}},{"start":{"line":22,"column":45},"end":{"line":22,"column":48}}],"line":22},"3":{"loc":{"start":{"line":23,"column":18},"end":{"line":23,"column":43}},"type":"binary-expr","locations":[{"start":{"line":23,"column":18},"end":{"line":23,"column":35}},{"start":{"line":23,"column":39},"end":{"line":23,"column":43}}],"line":23},"4":{"loc":{"start":{"line":27,"column":4},"end":{"line":29,"column":5}},"type":"if","locations":[{"start":{"line":27,"column":4},"end":{"line":29,"column":5}},{"start":{},"end":{}}],"line":27},"5":{"loc":{"start":{"line":32,"column":11},"end":{"line":32,"column":52}},"type":"binary-expr","locations":[{"start":{"line":32,"column":11},"end":{"line":32,"column":24}},{"start":{"line":32,"column":28},"end":{"line":32,"column":37}},{"start":{"line":32,"column":41},"end":{"line":32,"column":52}}],"line":32},"6":{"loc":{"start":{"line":47,"column":30},"end":{"line":47,"column":76}},"type":"default-arg","locations":[{"start":{"line":47,"column":50},"end":{"line":47,"column":76}}],"line":47},"7":{"loc":{"start":{"line":64,"column":24},"end":{"line":64,"column":51}},"type":"binary-expr","locations":[{"start":{"line":64,"column":24},"end":{"line":64,"column":43}},{"start":{"line":64,"column":47},"end":{"line":64,"column":51}}],"line":64},"8":{"loc":{"start":{"line":65,"column":25},"end":{"line":65,"column":52}},"type":"binary-expr","locations":[{"start":{"line":65,"column":25},"end":{"line":65,"column":45}},{"start":{"line":65,"column":49},"end":{"line":65,"column":52}}],"line":65},"9":{"loc":{"start":{"line":72,"column":11},"end":{"line":72,"column":40}},"type":"binary-expr","locations":[{"start":{"line":72,"column":11},"end":{"line":72,"column":34}},{"start":{"line":72,"column":38},"end":{"line":72,"column":40}}],"line":72},"10":{"loc":{"start":{"line":91,"column":4},"end":{"line":93,"column":5}},"type":"if","locations":[{"start":{"line":91,"column":4},"end":{"line":93,"column":5}},{"start":{},"end":{}}],"line":91},"11":{"loc":{"start":{"line":100,"column":20},"end":{"line":100,"column":47}},"type":"binary-expr","locations":[{"start":{"line":100,"column":20},"end":{"line":100,"column":39}},{"start":{"line":100,"column":43},"end":{"line":100,"column":47}}],"line":100},"12":{"loc":{"start":{"line":101,"column":21},"end":{"line":101,"column":48}},"type":"binary-expr","locations":[{"start":{"line":101,"column":21},"end":{"line":101,"column":41}},{"start":{"line":101,"column":45},"end":{"line":101,"column":48}}],"line":101},"13":{"loc":{"start":{"line":106,"column":11},"end":{"line":106,"column":52}},"type":"binary-expr","locations":[{"start":{"line":106,"column":11},"end":{"line":106,"column":46}},{"start":{"line":106,"column":50},"end":{"line":106,"column":52}}],"line":106}},"s":{"0":0,"1":0,"2":0,"3":0,"4":0,"5":0,"6":0,"7":0,"8":0,"9":0,"10":0,"11":0,"12":0,"13":0,"14":0,"15":0,"16":0,"17":0,"18":0,"19":0,"20":0,"21":0},"f":{"0":0,"1":0,"2":0,"3":0,"4":0,"5":0,"6":0},"b":{"0":[0],"1":[0,0],"2":[0,0],"3":[0,0],"4":[0,0],"5":[0,0,0],"6":[0],"7":[0,0],"8":[0,0],"9":[0,0],"10":[0,0],"11":[0,0],"12":[0,0],"13":[0,0]}}
,"C:\\Users\\USER\\Desktop\\LegalNavigator\\server\\index.ts": {"path":"C:\\Users\\USER\\Desktop\\LegalNavigator\\server\\index.ts","statementMap":{"0":{"start":{"line":5,"column":19},"end":{"line":5,"column":28}},"1":{"start":{"line":6,"column":0},"end":{"line":6,"column":24}},"2":{"start":{"line":7,"column":0},"end":{"line":7,"column":49}},"3":{"start":{"line":9,"column":0},"end":{"line":37,"column":3}},"4":{"start":{"line":10,"column":16},"end":{"line":10,"column":26}},"5":{"start":{"line":11,"column":15},"end":{"line":11,"column":23}},"6":{"start":{"line":12,"column":62},"end":{"line":12,"column":71}},"7":{"start":{"line":14,"column":26},"end":{"line":14,"column":34}},"8":{"start":{"line":15,"column":2},"end":{"line":18,"column":4}},"9":{"start":{"line":16,"column":4},"end":{"line":16,"column":36}},"10":{"start":{"line":17,"column":4},"end":{"line":17,"column":59}},"11":{"start":{"line":20,"column":2},"end":{"line":34,"column":5}},"12":{"start":{"line":21,"column":21},"end":{"line":21,"column":39}},"13":{"start":{"line":22,"column":4},"end":{"line":33,"column":5}},"14":{"start":{"line":23,"column":20},"end":{"line":23,"column":78}},"15":{"start":{"line":24,"column":6},"end":{"line":26,"column":7}},"16":{"start":{"line":25,"column":8},"end":{"line":25,"column":65}},"17":{"start":{"line":28,"column":6},"end":{"line":30,"column":7}},"18":{"start":{"line":29,"column":8},"end":{"line":29,"column":45}},"19":{"start":{"line":32,"column":6},"end":{"line":32,"column":19}},"20":{"start":{"line":36,"column":2},"end":{"line":36,"column":9}},"21":{"start":{"line":39,"column":0},"end":{"line":66,"column":5}},"22":{"start":{"line":40,"column":17},"end":{"line":40,"column":42}},"23":{"start":{"line":42,"column":2},"end":{"line":48,"column":5}},"24":{"start":{"line":43,"column":19},"end":{"line":43,"column":54}},"25":{"start":{"line":44,"column":20},"end":{"line":44,"column":58}},"26":{"start":{"line":46,"column":4},"end":{"line":46,"column":41}},"27":{"start":{"line":47,"column":4},"end":{"line":47,"column":14}},"28":{"start":{"line":53,"column":2},"end":{"line":57,"column":3}},"29":{"start":{"line":54,"column":4},"end":{"line":54,"column":33}},"30":{"start":{"line":56,"column":4},"end":{"line":56,"column":21}},"31":{"start":{"line":62,"column":15},"end":{"line":62,"column":19}},"32":{"start":{"line":63,"column":2},"end":{"line":65,"column":5}},"33":{"start":{"line":64,"column":4},"end":{"line":64,"column":35}}},"fnMap":{"0":{"name":"(anonymous_0)","decl":{"start":{"line":9,"column":8},"end":{"line":9,"column":9}},"loc":{"start":{"line":9,"column":28},"end":{"line":37,"column":1}},"line":9},"1":{"name":"(anonymous_1)","decl":{"start":{"line":15,"column":13},"end":{"line":15,"column":14}},"loc":{"start":{"line":15,"column":42},"end":{"line":18,"column":3}},"line":15},"2":{"name":"(anonymous_2)","decl":{"start":{"line":20,"column":19},"end":{"line":20,"column":20}},"loc":{"start":{"line":20,"column":25},"end":{"line":34,"column":3}},"line":20},"3":{"name":"(anonymous_3)","decl":{"start":{"line":39,"column":1},"end":{"line":39,"column":2}},"loc":{"start":{"line":39,"column":13},"end":{"line":66,"column":1}},"line":39},"4":{"name":"(anonymous_4)","decl":{"start":{"line":42,"column":10},"end":{"line":42,"column":11}},"loc":{"start":{"line":42,"column":75},"end":{"line":48,"column":3}},"line":42},"5":{"name":"(anonymous_5)","decl":{"start":{"line":63,"column":33},"end":{"line":63,"column":34}},"loc":{"start":{"line":63,"column":39},"end":{"line":65,"column":3}},"line":63}},"branchMap":{"0":{"loc":{"start":{"line":22,"column":4},"end":{"line":33,"column":5}},"type":"if","locations":[{"start":{"line":22,"column":4},"end":{"line":33,"column":5}},{"start":{},"end":{}}],"line":22},"1":{"loc":{"start":{"line":24,"column":6},"end":{"line":26,"column":7}},"type":"if","locations":[{"start":{"line":24,"column":6},"end":{"line":26,"column":7}},{"start":{},"end":{}}],"line":24},"2":{"loc":{"start":{"line":28,"column":6},"end":{"line":30,"column":7}},"type":"if","locations":[{"start":{"line":28,"column":6},"end":{"line":30,"column":7}},{"start":{},"end":{}}],"line":28},"3":{"loc":{"start":{"line":43,"column":19},"end":{"line":43,"column":54}},"type":"binary-expr","locations":[{"start":{"line":43,"column":19},"end":{"line":43,"column":29}},{"start":{"line":43,"column":33},"end":{"line":43,"column":47}},{"start":{"line":43,"column":51},"end":{"line":43,"column":54}}],"line":43},"4":{"loc":{"start":{"line":44,"column":20},"end":{"line":44,"column":58}},"type":"binary-expr","locations":[{"start":{"line":44,"column":20},"end":{"line":44,"column":31}},{"start":{"line":44,"column":35},"end":{"line":44,"column":58}}],"line":44},"5":{"loc":{"start":{"line":53,"column":2},"end":{"line":57,"column":3}},"type":"if","locations":[{"start":{"line":53,"column":2},"end":{"line":57,"column":3}},{"start":{"line":55,"column":9},"end":{"line":57,"column":3}}],"line":53}},"s":{"0":0,"1":0,"2":0,"3":0,"4":0,"5":0,"6":0,"7":0,"8":0,"9":0,"10":0,"11":0,"12":0,"13":0,"14":0,"15":0,"16":0,"17":0,"18":0,"19":0,"20":0,"21":0,"22":0,"23":0,"24":0,"25":0,"26":0,"27":0,"28":0,"29":0,"30":0,"31":0,"32":0,"33":0},"f":{"0":0,"1":0,"2":0,"3":0,"4":0,"5":0},"b":{"0":[0,0],"1":[0,0],"2":[0,0],"
[...]
nymous_23)","decl":{"start":{"line":259,"column":2},"end":{"line":259,"column":3}},"loc":{"start":{"line":259,"column":81},"end":{"line":271,"column":3}},"line":259},"24":{"name":"(anonymous_24)","decl":{"start":{"line":274,"column":2},"end":{"line":274,"column":3}},"loc":{"start":{"line":274,"column":78},"end":{"line":285,"column":3}},"line":274},"25":{"name":"(anonymous_25)","decl":{"start":{"line":287,"column":2},"end":{"line":287,"column":3}},"loc":{"start":{"line":287,"column":68},"end":{"line":291,"column":3}},"line":287},"26":{"name":"(anonymous_26)","decl":{"start":{"line":289,"column":14},"end":{"line":289,"column":15}},"loc":{"start":{"line":289,"column":24},"end":{"line":289,"column":52}},"line":289},"27":{"name":"(anonymous_27)","decl":{"start":{"line":290,"column":12},"end":{"line":290,"column":13}},"loc":{"start":{"line":290,"column":22},"end":{"line":290,"column":83}},"line":290},"28":{"name":"(anonymous_28)","decl":{"start":{"line":294,"column":2},"end":{"line":294,"column":3}},"loc":{"start":{"line":294,"column":88},"end":{"line":306,"column":3}},"line":294},"29":{"name":"(anonymous_29)","decl":{"start":{"line":308,"column":2},"end":{"line":308,"column":3}},"loc":{"start":{"line":308,"column":111},"end":{"line":321,"column":3}},"line":308},"30":{"name":"(anonymous_30)","decl":{"start":{"line":323,"column":2},"end":{"line":323,"column":3}},"loc":{"start":{"line":323,"column":60},"end":{"line":328,"column":3}},"line":323},"31":{"name":"(anonymous_31)","decl":{"start":{"line":331,"column":2},"end":{"line":331,"column":3}},"loc":{"start":{"line":331,"column":84},"end":{"line":343,"column":3}},"line":331},"32":{"name":"(anonymous_32)","decl":{"start":{"line":345,"column":2},"end":{"line":345,"column":3}},"loc":{"start":{"line":345,"column":70},"end":{"line":349,"column":3}},"line":345},"33":{"name":"(anonymous_33)","decl":{"start":{"line":347,"column":14},"end":{"line":347,"column":15}},"loc":{"start":{"line":347,"column":30},"end":{"line":347,"column":60}},"line":347},"34":{"name":"(anonymous_34)","decl":{"start":{"line":348,"column":12},"end":{"line":348,"column":13}},"loc":{"start":{"line":348,"column":22},"end":{"line":348,"column":83}},"line":348},"35":{"name":"(anonymous_35)","decl":{"start":{"line":351,"column":2},"end":{"line":351,"column":3}},"loc":{"start":{"line":351,"column":56},"end":{"line":356,"column":3}},"line":351},"36":{"name":"initializeStorage","decl":{"start":{"line":363,"column":22},"end":{"line":363,"column":39}},"loc":{"start":{"line":363,"column":61},"end":{"line":365,"column":1}},"line":363}},"branchMap":{"0":{"loc":{"start":{"line":78,"column":6},"end":{"line":80,"column":7}},"type":"if","locations":[{"start":{"line":78,"column":6},"end":{"line":80,"column":7}},{"start":{},"end":{}}],"line":78},"1":{"loc":{"start":{"line":93,"column":13},"end":{"line":93,"column":31}},"type":"binary-expr","locations":[{"start":{"line":93,"column":13},"end":{"line":93,"column":23}},{"start":{"line":93,"column":27},"end":{"line":93,"column":31}}],"line":93},"2":{"loc":{"start":{"line":94,"column":12},"end":{"line":94,"column":29}},"type":"binary-expr","locations":[{"start":{"line":94,"column":12},"end":{"line":94,"column":21}},{"start":{"line":94,"column":25},"end":{"line":94,"column":29}}],"line":94},"3":{"loc":{"start":{"line":95,"column":16},"end":{"line":95,"column":37}},"type":"binary-expr","locations":[{"start":{"line":95,"column":16},"end":{"line":95,"column":29}},{"start":{"line":95,"column":33},"end":{"line":95,"column":37}}],"line":95},"4":{"loc":{"start":{"line":96,"column":21},"end":{"line":96,"column":47}},"type":"binary-expr","locations":[{"start":{"line":96,"column":21},"end":{"line":96,"column":39}},{"start":{"line":96,"column":43},"end":{"line":96,"column":47}}],"line":96},"5":{"loc":{"start":{"line":97,"column":24},"end":{"line":97,"column":53}},"type":"binary-expr","locations":[{"start":{"line":97,"column":24},"end":{"line":97,"column":45}},{"start":{"line":97,"column":49},"end":{"line":97,"column":53}}],"line":97},"6":{"loc":{"start":{"line":98,"column":23},"end":{"line":98,"column":51}},"type":"binary-expr","locations":[{"start":{"line":98,"column":23},"end":{"line":98,"column":43}},{"start":{"line":98,"column":47},"end":{"line":98,"column":51}}],"line":98},"7":{"loc":{"start":{"line":99,"column":23},"end":{"line":99,"column":51}},"type":"binary-expr","locations":[{"start":{"line":99,"column":23},"end":{"line":99,"column":43}},{"start":{"line":99,"column":47},"end":{"line":99,"column":51}}],"line":99},"8":{"loc":{"start":{"line":100,"column":19},"end":{"line":100,"column":43}},"type":"binary-expr","locations":[{"start":{"line":100,"column":19},"end":{"line":100,"column":35}},{"start":{"line":100,"column":39},"end":{"line":100,"column":43}}],"line":100},"9":{"loc":{"start":{"line":101,"column":16},"end":{"line":101,"column":37}},"type":"binary-expr","locations":[{"start":{"line":101,"column":16},"end":{"line":101,"column":29}},{"start":{"line":101,"column":33},"end":{"line":101,"column":37}}],"line":101},"10":{"loc":{"start":{"line":102,"column":23},"end":{"line":102,"column":51}},"type":"binary-expr","locations":[{"start":{"line":102,"column":23},"end":{"line":102,"column":43}},{"start":{"line":102,"column":47},"end":{"line":102,"column":51}}],"line":102},"11":{"loc":{"start":{"line":103,"column":18},"end":{"line":103,"column":41}},"type":"binary-expr","locations":[{"start":{"line":103,"column":18},"end":{"line":103,"column":33}},{"start":{"line":103,"column":37},"end":{"line":103,"column":41}}],"line":103},"12":{"loc":{"start":{"line":113,"column":4},"end":{"line":115,"column":5}},"type":"if","locations":[{"start":{"line":113,"column":4},"end":{"line":115,"column":5}},{"start":{},"end":{}}],"line":113},"13":{"loc":{"start":{"line":131,"column":14},"end":{"line":131,"column":36}},"type":"binary-expr","locations":[{"start":{"line":131,"column":14},"end":{"line":131,"column":28}},{"start":{"line":131,"column":32},"end":{"line":131,"column":36}}],"line":131},"14":{"loc":{"start":{"line":132,"column":16},"end":{"line":132,"column":40}},"type":"binary-expr","locations":[{"start":{"line":132,"column":16},"end":{"line":132,"column":32}},{"start":{"line":132,"column":36},"end":{"line":132,"column":40}}],"line":132},"15":{"loc":{"start":{"line":143,"column":23},"end":{"line":143,"column":50}},"type":"binary-expr","locations":[{"start":{"line":143,"column":23},"end":{"line":143,"column":45}},{"start":{"line":143,"column":49},"end":{"line":143,"column":50}}],"line":143},"16":{"loc":{"start":{"line":143,"column":55},"end":{"line":143,"column":82}},"type":"binary-expr","locations":[{"start":{"line":143,"column":55},"end":{"line":143,"column":77}},{"start":{"line":143,"column":81},"end":{"line":143,"column":82}}],"line":143},"17":{"loc":{"start":{"line":152,"column":4},"end":{"line":154,"column":5}},"type":"if","locations":[{"start":{"line":152,"column":4},"end":{"line":154,"column":5}},{"start":{},"end":{}}],"line":152},"18":{"loc":{"start":{"line":171,"column":16},"end":{"line":171,"column":40}},"type":"binary-expr","locations":[{"start":{"line":171,"column":16},"end":{"line":171,"column":32}},{"start":{"line":171,"column":36},"end":{"line":171,"column":40}}],"line":171},"19":{"loc":{"start":{"line":172,"column":18},"end":{"line":172,"column":44}},"type":"binary-expr","locations":[{"start":{"line":172,"column":18},"end":{"line":172,"column":36}},{"start":{"line":172,"column":40},"end":{"line":172,"column":44}}],"line":172},"20":{"loc":{"start":{"line":173,"column":22},"end":{"line":173,"column":52}},"type":"binary-expr","locations":[{"start":{"line":173,"column":22},"end":{"line":173,"column":44}},{"start":{"line":173,"column":48},"end":{"line":173,"column":52}}],"line":173},"21":{"loc":{"start":{"line":183,"column":23},"end":{"line":183,"column":50}},"type":"binary-expr","locations":[{"start":{"line":183,"column":23},"end":{"line":183,"column":45}},{"start":{"line":183,"column":49},"end":{"line":183,"column":50}}],"line":183},"22":{"loc":{"start":{"line":183,"column":55},"end":{"line":183,"column":82}},"type":"binary-expr","locations":[{"start":{"line":183,"column":55},"end":{"line":183,"column":77}},{"start":{"line":183,"column":81},"end":{"line":183,"column":82}}],"line":183},"23":{"loc":{"start":{"line":214,"column":4},"end":{"line":230,"column":5}},"type":"if","locations":[{"start":{"line":214,"column":4},"end":{"line":230,"column":5}},{"start":{},"end":{}}],"line":214},"24":{"loc":{"start":{"line":215,"column":6},"end":{"line":220,"column":7}},"type":"if","locations":[{"start":{"line":215,"column":6},"end":{"line":220,"column":7}},{"start":{},"end":{}}],"line":215},"25":{"loc":{"start":{"line":217,"column":10},"end":{"line":218,"column":119}},"type":"binary-expr","locations":[{"start":{"line":217,"column":10},"end":{"line":217,"column":46}},{"start":{"line":218,"column":10},"end":{"line":218,"column":119}}],"line":217},"26":{"loc":{"start":{"line":221,"column":6},"end":{"line":223,"column":7}},"type":"if","locations":[{"start":{"line":221,"column":6},"end":{"line":223,"column":7}},{"start":{},"end":{}}],"line":221},"27":{"loc":{"start":{"line":222,"column":54},"end":{"line":222,"column":74}},"type":"binary-expr","locations":[{"start":{"line":222,"column":54},"end":{"line":222,"column":67}},{"start":{"line":222,"column":71},"end":{"line":222,"column":74}}],"line":222},"28":{"loc":{"start":{"line":224,"column":6},"end":{"line":229,"column":7}},"type":"if","locations":[{"start":{"line":224,"column":6},"end":{"line":229,"column":7}},{"start":{},"end":{}}],"line":224},"29":{"loc":{"start":{"line":226,"column":10},"end":{"line":227,"column":108}},"type":"binary-expr","locations":[{"start":{"line":226,"column":10},"end":{"line":226,"column":41}},{"start":{"line":227,"column":10},"end":{"line":227,"column":108}}],"line":226},"30":{"loc":{"start":{"line":235,"column":6},"end":{"line":243,"column":7}},"type":"if","locations":[{"start":{"line":235,"column":6},"end":{"line":243,"column":7}},{"start":{},"end":{}}],"line":235},"31":{"loc":{"start":{"line":236,"column":8},"end":{"line":242,"column":9}},"type":"if","locations":[{"start":{"line":236,"column":8},"end":{"line":242,"column":9}},{"start":{"line":240,"column":15},"end":{"line":242,"column":9}}],"line":236},"32":{"loc":{"start":{"line":237,"column":10},"end":{"line":239,"column":11}},"type":"if","locations":[{"start":{"line":237,"column":10},"end":{"line":239,"column":11}},{"start":{},"end":{}}],"line":237},"33":{"loc":{"start":{"line":246,"column":45},"end":{"line":246,"column":60}},"type":"binary-expr","locations":[{"start":{"line":246,"column":45},"end":{"line":246,"column":53}},{"start":{"line":246,"column":57},"end":{"line":246,"column":60}}],"line":246},"34":{"loc":{"start":{"line":246,"column":75},"end":{"line":246,"column":90}},"type":"binary-expr","locations":[{"start":{"line":246,"column":75},"end":{"line":246,"column":83}},{"start":{"line":246,"column":87},"end":{"line":246,"column":90}}],"line":246},"35":{"loc":{"start":{"line":251,"column":4},"end":{"line":251,"column":34}},"type":"if","locations":[{"start":{"line":251,"column":4},"end":{"line":251,"column":34}},{"start":{},"end":{}}],"line":251},"36":{"loc":{"start":{"line":254,"column":4},"end":{"line":254,"column":32}},"type":"if","locations":[{"start":{"line":254,"column":4},"end":{"line":254,"column":32}},{"start":{},"end":{}}],"line":254},"37":{"loc":{"start":{"line":261,"column":4},"end":{"line":263,"column":5}},"type":"if","locations":[{"start":{"line":261,"column":4},"end":{"line":263,"column":5}},{"start":{},"end":{}}],"line":261},"38":{"loc":{"start":{"line":281,"column":14},"end":{"line":281,"column":35}},"type":"binary-expr","locations":[{"start":{"line":281,"column":14},"end":{"line":281,"column":27}},{"start":{"line":281,"column":31},"end":{"line":281,"column":35}}],"line":281},"39":{"loc":{"start":{"line":290,"column":23},"end":{"line":290,"column":50}},"type":"binary-expr","locations":[{"start":{"line":290,"column":23},"end":{"line":290,"column":45}},{"start":{"line":290,"column":49},"end":{"line":290,"column":50}}],"line":290},"40":{"loc":{"start":{"line":290,"column":55},"end":{"line":290,"column":82}},"type":"binary-expr","locations":[{"start":{"line":290,"column":55},"end":{"line":290,"column":77}},{"start":{"line":290,"column":81},"end":{"line":290,"column":82}}],"line":290},"41":{"loc":{"start":{"line":302,"column":12},"end":{"line":302,"column":30}},"type":"binary-expr","locations":[{"start":{"line":302,"column":12},"end":{"line":302,"column":21}},{"start":{"line":302,"column":25},"end":{"line":302,"column":30}}],"line":302},"42":{"loc":{"start":{"line":310,"column":6},"end":{"line":318,"column":7}},"type":"if","locations":[{"start":{"line":310,"column":6},"end":{"line":318,"column":7}},{"start":{},"end":{}}],"line":310},"43":{"loc":{"start":{"line":311,"column":8},"end":{"line":315,"column":47}},"type":"binary-expr","locations":[{"start":{"line":311,"column":8},"end":{"line":311,"column":42}},{"start":{"line":312,"column":8},"end":{"line":312,"column":38}},{"start":{"line":313,"column":8},"end":{"line":313,"column":38}},{"start":{"line":314,"column":8},"end":{"line":314,"column":30}},{"start":{"line":315,"column":8},"end":{"line":315,"column":47}}],"line":311},"44":{"loc":{"start":{"line":325,"column":4},"end":{"line":327,"column":5}},"type":"if","locations":[{"start":{"line":325,"column":4},"end":{"line":327,"column":5}},{"start":{},"end":{}}],"line":325},"45":{"loc":{"start":{"line":338,"column":12},"end":{"line":338,"column":39}},"type":"binary-expr","locations":[{"start":{"line":338,"column":12},"end":{"line":338,"column":29}},{"start":{"line":338,"column":33},"end":{"line":338,"column":39}}],"line":338},"46":{"loc":{"start":{"line":339,"column":18},"end":{"line":339,"column":50}},"type":"binary-expr","locations":[{"start":{"line":339,"column":18},"end":{"line":339,"column":41}},{"start":{"line":339,"column":45},"end":{"line":339,"column":50}}],"line":339},"47":{"loc":{"start":{"line":348,"column":23},"end":{"line":348,"column":50}},"type":"binary-expr","locations":[{"start":{"line":348,"column":23},"end":{"line":348,"column":45}},{"start":{"line":348,"column":49},"end":{"line":348,"column":50}}],"line":348},"48":{"loc":{"start":{"line":348,"column":55},"end":{"line":348,"column":82}},"type":"binary-expr","locations":[{"start":{"line":348,"column":55},"end":{"line":348,"column":77}},{"start":{"line":348,"column":81},"end":{"line":348,"column":82}}],"line":348},"49":{"loc":{"start":{"line":353,"column":4},"end":{"line":355,"column":5}},"type":"if","locations":[{"start":{"line":353,"column":4},"end":{"line":355,"column":5}},{"start":{},"end":{}}],"line":353},"50":{"loc":{"start":{"line":360,"column":17},"end":{"line":360,"column":72}},"type":"binary-expr","locations":[{"start":{"line":360,"column":17},"end":{"line":360,"column":49}},{"start":{"line":360,"column":53},"end":{"line":360,"column":72}}],"line":360}},"s":{"0":0,"1":0,"2":0,"3":0,"4":0,"5":0,"6":0,"7":0,"8":0,"9":0,"10":0,"11":0,"12":0,"13":0,"14":0,"15":0,"16":0,"17":0,"18":0,"19":0,"20":0,"21":0,"22":0,"23":0,"24":0,"25":0,"26":0,"27":0,"28":0,"29":0,"30":0,"31":0,"32":0,"33":0,"34":0,"35":0,"36":0,"37":0,"38":0,"39":0,"40":0,"41":0,"42":0,"43":0,"44":0,"45":0,"46":0,"47":0,"48":0,"49":0,"50":0,"51":0,"52":0,"53":0,"54":0,"55":0,"56":0,"57":0,"58":0,"59":0,"60":0,"61":0,"62":0,"63":0,"64":0,"65":0,"66":0,"67":0,"68":0,"69":0,"70":0,"71":0,"72":0,"73":0,"74":0,"75":0,"76":0,"77":0,"78":0,"79":0,"80":0,"81":0,"82":0,"83":0,"84":0,"85":0,"86":0,"87":0,"88":0,"89":0,"90":0,"91":0,"92":0,"93":0,"94":0,"95":0,"96":0,"97":0,"98":0,"99":0,"100":0,"101":0,"102":0,"103":0,"104":0,"105":0,"106":0},"f":{"0":0,"1":0,"2":0,"3":0,"4":0,"5":0,"6":0,"7":0,"8":0,"9":0,"10":0,"11":0,"12":0,"13":0,"14":0,"15":0,"16":0,"17":0,"18":0,"19":0,"20":0,"21":0,"22":0,"23":0,"24":0,"25":0,"26":0,"27":0,"28":0,"29":0,"30":0,"31":0,"32":0,"33":0,"34":0,"35":0,"36":0},"b":{"0":[0,0],"1":[0,0],"2":[0,0],"3":[0,0],"4":[0,0],"5":[0,0],"6":[0,0],"7":[0,0],"8":[0,0],"9":[0,0],"10":[0,0],"11":[0,0],"12":[0,0],"13":[0,0],"14":[0,0],"15":[0,0],"16":[0,0],"17":[0,0],"18":[0,0],"19":[0,0],"20":[0,0],"21":[0,0],"22":[0,0],"23":[0,0],"24":[0,0],"25":[0,0],"26":[0,0],"27":[0,0],"28":[0,0],"29":[0,0],"30":[0,0],"31":[0,0],"32":[0,0],"33":[0,0],"34":[0,0],"35":[0,0],"36":[0,0],"37":[0,0],"38":[0,0],"39":[0,0],"40":[0,0],"41":[0,0],"42":[0,0],"43":[0,0,0,0,0],"44":[0,0],"45":[0,0],"46":[0,0],"47":[0,0],"48":[0,0],"49":[0,0],"50":[0,0]}}
,"C:\\Users\\USER\\Desktop\\LegalNavigator\\server\\vite.ts": {"path":"C:\\Users\\USER\\Desktop\\LegalNavigator\\server\\vite.ts","statementMap":{"0":{"start":{"line":9,"column":19},"end":{"line":9,"column":33}},"1":{"start":{"line":12,"column":24},"end":{"line":17,"column":4}},"2":{"start":{"line":19,"column":2},"end":{"line":19,"column":57}},"3":{"start":{"line":23,"column":24},"end":{"line":27,"column":3}},"4":{"start":{"line":29,"column":15},"end":{"line":41,"column":4}},"5":{"start":{"line":35,"column":8},"end":{"line":35,"column":39}},"6":{"start":{"line":36,"column":8},"end":{"line":36,"column":24}},"7":{"start":{"line":43,"column":2},"end":{"line":43,"column":28}},"8":{"start":{"line":44,"column":2},"end":{"line":67,"column":5}},"9":{"start":{"line":45,"column":16},"end":{"line":45,"column":31}},"10":{"start":{"line":47,"column":4},"end":{"line":66,"column":5}},"11":{"start":{"line":48,"column":29},"end":{"line":53,"column":7}},"12":{"start":{"line":56,"column":21},"end":{"line":56,"column":72}},"13":{"start":{"line":57,"column":6},"end":{"line":60,"column":8}},"14":{"start":{"line":61,"column":19},"end":{"line":61,"column":63}},"15":{"start":{"line":62,"column":6},"end":{"line":62,"column":69}},"16":{"start":{"line":64,"column":6},"end":{"line":64,"column":40}},"17":{"start":{"line":65,"column":6},"end":{"line":65,"column":14}},"18":{"start":{"line":71,"column":19},"end":{"line":71,"column":62}},"19":{"start":{"line":73,"column":2},"end":{"line":77,"column":3}},"20":{"start":{"line":74,"column":4},"end":{"line":76,"column":6}},"21":{"start":{"line":79,"column":2},"end":{"line":79,"column":36}},"22":{"start":{"line":82,"column":2},"end":{"line":84,"column":5}},"23":{"start":{"line":83,"column":4},"end":{"line":83,"column":55}}},"fnMap":{"0":{"name":"log","decl":{"start":{"line":11,"column":16},"end":{"line":11,"column":19}},"loc":{"start":{"line":11,"column":57},"end":{"line":20,"column":1}},"line":11},"1":{"name":"setupVite","decl":{"start":{"line":22,"column":22},"end":{"line":22,"column":31}},"loc":{"start":{"line":22,"column":62},"end":{"line":68,"column":1}},"line":22},"2":{"name":"(anonymous_2)","decl":{"start":{"line":34,"column":13},"end":{"line":34,"column":14}},"loc":{"start":{"line":34,"column":31},"end":{"line":37,"column":7}},"line":34},"3":{"name":"(anonymous_3)","decl":{"start":{"line":44,"column":15},"end":{"line":44,"column":16}},"loc":{"start":{"line":44,"column":41},"end":{"line":67,"column":3}},"line":44},"4":{"name":"serveStatic","decl":{"start":{"line":70,"column":16},"end":{"line":70,"column":27}},"loc":{"start":{"line":70,"column":42},"end":{"line":85,"column":1}},"line":70},"5":{"name":"(anonymous_5)","decl":{"start":{"line":82,"column":15},"end":{"line":82,"column":16}},"loc":{"start":{"line":82,"column":30},"end":{"line":84,"column":3}},"line":82}},"branchMap":{"0":{"loc":{"start":{"line":11,"column":37},"end":{"line":11,"column":55}},"type":"default-arg","locations":[{"start":{"line":11,"column":46},"end":{"line":11,"column":55}}],"line":11},"1":{"loc":{"start":{"line":73,"column":2},"end":{"line":77,"column":3}},"type":"if","locations":[{"start":{"line":73,"column":2},"end":{"line":77,"column":3}},{"start":{},"end":{}}],"line":73}},"s":{"0":0,"1":0,"2":0,"3":0,"4":0,"5":0,"6":0,"7":0,"8":0,"9":0,"10":0,"11":0,"12":0,"13":0,"14":0,"15":0,"16":0,"17":0,"18":0,"19":0,"20":0,"21":0,"22":0,"23":0},"f":{"0":0,"1":0,"2":0,"3":0,"4":0,"5":0},"b":{"0":[0],"1":[0,0]}}
}
