TN:
SF:client\src\test-setup.ts
FN:7,(anonymous_0)
FN:20,(anonymous_1)
FN:27,(anonymous_2)
FN:52,(anonymous_3)
FN:69,(anonymous_4)
FNF:5
FNH:0
FNDA:0,(anonymous_0)
FNDA:0,(anonymous_1)
FNDA:0,(anonymous_2)
FNDA:0,(anonymous_3)
FNDA:0,(anonymous_4)
DA:5,0
DA:7,0
DA:20,0
DA:27,0
DA:34,0
DA:40,0
DA:43,0
DA:49,0
DA:52,0
DA:65,0
DA:68,0
DA:69,0
DA:70,0
DA:71,0
DA:73,0
LF:15
LH:0
BRDA:70,0,0,0
BRDA:70,0,1,0
BRDA:70,1,0,0
BRDA:70,1,1,0
BRF:4
BRH:0
end_of_record
TN:
SF:client\src\components\ui\aspect-ratio.tsx
FNF:0
FNH:0
DA:3,0
LF:1
LH:0
BRF:0
BRH:0
end_of_record
TN:
SF:client\src\components\ui\collapsible.tsx
FNF:0
FNH:0
DA:5,0
DA:7,0
DA:9,0
LF:3
LH:0
BRF:0
BRH:0
end_of_record
TN:
SF:client\src\hooks\use-auth.ts
FN:16,useAuth
FN:28,AuthProvider
FN:36,(anonymous_2)
FN:37,(anonymous_3)
FN:69,(anonymous_4)
FN:80,(anonymous_5)
FN:99,(anonymous_6)
FN:103,(anonymous_7)
FN:107,(anonymous_8)
FN:120,(anonymous_9)
FN:130,(anonymous_10)
FN:133,(anonymous_11)
FNF:12
FNH:0
FNDA:0,useAuth
FNDA:0,AuthProvider
FNDA:0,(anonymous_2)
FNDA:0,(anonymous_3)
FNDA:0,(anonymous_4)
FNDA:0,(anonymous_5)
FNDA:0,(anonymous_6)
FNDA:0,(anonymous_7)
FNDA:0,(anonymous_8)
FNDA:0,(anonymous_9)
FNDA:0,(anonymous_10)
FNDA:0,(anonymous_11)
DA:14,0
DA:17,0
DA:18,0
DA:19,0
DA:21,0
DA:29,0
DA:36,0
DA:37,0
DA:38,0
DA:39,0
DA:40,0
DA:41,0
DA:42,0
DA:43,0
DA:50,0
DA:51,0
DA:52,0
DA:60,0
DA:69,0
DA:70,0
DA:71,0
DA:80,0
DA:81,0
DA:82,0
DA:84,0
DA:85,0
DA:88,0
DA:89,0
DA:96,0
DA:99,0
DA:100,0
DA:103,0
DA:104,0
DA:107,0
DA:108,0
DA:109,0
DA:111,0
DA:112,0
DA:120,0
DA:121,0
DA:122,0
DA:130,0
DA:131,0
DA:132,0
DA:133,0
DA:139,0
DA:149,0
LF:47
LH:0
BRDA:18,0,0,0
BRDA:18,0,1,0
BRDA:39,1,0,0
BRDA:39,1,1,0
BRDA:84,2,0,0
BRDA:84,2,1,0
BRF:6
BRH:0
end_of_record
TN:
SF:client\src\hooks\use-mobile.tsx
FN:5,useIsMobile
FN:8,(anonymous_1)
FN:10,(anonymous_2)
FN:15,(anonymous_3)
FNF:4
FNH:0
FNDA:0,useIsMobile
FNDA:0,(anonymous_1)
FNDA:0,(anonymous_2)
FNDA:0,(anonymous_3)
DA:3,0
DA:6,0
DA:8,0
DA:9,0
DA:10,0
DA:11,0
DA:13,0
DA:14,0
DA:15,0
DA:18,0
LF:10
LH:0
BRF:0
BRH:0
end_of_record
TN:
SF:client\src\hooks\use-toast.ts
FN:27,genId
FN:58,(anonymous_1)
FN:63,(anonymous_2)
FN:74,(anonymous_3)
FN:85,(anonymous_4)
FN:98,(anonymous_5)
FN:105,(anonymous_6)
FN:124,(anonymous_7)
FN:133,dispatch
FN:135,(anonymous_9)
FN:142,toast
FN:145,(anonymous_11)
FN:150,(anonymous_12)
FN:158,(anonymous_13)
FN:171,useToast
FN:174,(anonymous_15)
FN:176,(anonymous_16)
FN:187,(anonymous_17)
FNF:18
FNH:0
FNDA:0,genId
FNDA:0,(anonymous_1)
FNDA:0,(anonymous_2)
FNDA:0,(anonymous_3)
FNDA:0,(anonymous_4)
FNDA:0,(anonymous_5)
FNDA:0,(anonymous_6)
FNDA:0,(anonymous_7)
FNDA:0,dispatch
FNDA:0,(anonymous_9)
FNDA:0,toast
FNDA:0,(anonymous_11)
FNDA:0,(anonymous_12)
FNDA:0,(anonymous_13)
FNDA:0,useToast
FNDA:0,(anonymous_15)
FNDA:0,(anonymous_16)
FNDA:0,(anonymous_17)
DA:8,0
DA:9,0
DA:18,0
DA:25,0
DA:28,0
DA:29,0
DA:56,0
DA:58,0
DA:59,0
DA:60,0
DA:63,0
DA:64,0
DA:65,0
DA:71,0
DA:74,0
DA:75,0
DA:77,0
DA:83,0
DA:86,0
DA:91,0
DA:95,0
DA:96,0
DA:98,0
DA:99,0
DA:103,0
DA:106,0
DA:116,0
DA:117,0
DA:122,0
DA:124,0
DA:129,0
DA:131,0
DA:134,0
DA:135,0
DA:136,0
DA:143,0
DA:145,0
DA:146,0
DA:150,0
DA:152,0
DA:159,0
DA:164,0
DA:172,0
DA:174,0
DA:175,0
DA:176,0
DA:177,0
DA:178,0
DA:179,0
DA:184,0
DA:187,0
LF:51
LH:0
BRDA:59,0,0,0
BRDA:59,0,1,0
BRDA:75,1,0,0
BRDA:75,1,1,0
BRDA:75,1,2,0
BRDA:75,1,3,0
BRDA:86,2,0,0
BRDA:86,2,1,0
BRDA:95,3,0,0
BRDA:95,3,1,0
BRDA:106,4,0,0
BRDA:106,4,1,0
BRDA:106,5,0,0
BRDA:106,5,1,0
BRDA:116,6,0,0
BRDA:116,6,1,0
BRDA:159,7,0,0
BRDA:159,7,1,0
BRDA:178,8,0,0
BRDA:178,8,1,0
BRF:20
BRH:0
end_of_record
TN:
SF:client\src\hooks\use-websocket.ts
FN:12,useWebSocket
FN:20,(anonymous_1)
FN:31,(anonymous_2)
FN:45,(anonymous_3)
FN:54,(anonymous_4)
FN:63,(anonymous_5)
FN:70,(anonymous_6)
FN:80,(anonymous_7)
FN:94,(anonymous_8)
FN:102,(anonymous_9)
FN:107,(anonymous_10)
FN:112,(anonymous_11)
FN:115,(anonymous_12)
FN:120,(anonymous_13)
FNF:14
FNH:0
FNDA:0,useWebSocket
FNDA:0,(anonymous_1)
FNDA:0,(anonymous_2)
FNDA:0,(anonymous_3)
FNDA:0,(anonymous_4)
FNDA:0,(anonymous_5)
FNDA:0,(anonymous_6)
FNDA:0,(anonymous_7)
FNDA:0,(anonymous_8)
FNDA:0,(anonymous_9)
FNDA:0,(anonymous_10)
FNDA:0,(anonymous_11)
FNDA:0,(anonymous_12)
FNDA:0,(anonymous_13)
DA:13,0
DA:14,0
DA:15,0
DA:16,0
DA:17,0
DA:18,0
DA:20,0
DA:21,0
DA:22,0
DA:25,0
DA:26,0
DA:27,0
DA:29,0
DA:31,0
DA:32,0
DA:33,0
DA:34,0
DA:35,0
DA:38,0
DA:39,0
DA:42,0
DA:45,0
DA:46,0
DA:47,0
DA:48,0
DA:50,0
DA:54,0
DA:55,0
DA:56,0
DA:57,0
DA:58,0
DA:61,0
DA:62,0
DA:63,0
DA:64,0
DA:65,0
DA:70,0
DA:71,0
DA:72,0
DA:76,0
DA:80,0
DA:81,0
DA:82,0
DA:85,0
DA:86,0
DA:87,0
DA:90,0
DA:91,0
DA:94,0
DA:95,0
DA:96,0
DA:97,0
DA:99,0
DA:102,0
DA:103,0
DA:104,0
DA:107,0
DA:108,0
DA:112,0
DA:113,0
DA:114,0
DA:115,0
DA:116,0
DA:119,0
DA:120,0
DA:124,0
LF:66
LH:0
BRDA:21,0,0,0
BRDA:21,0,1,0
BRDA:26,1,0,0
BRDA:26,1,1,0
BRDA:38,2,0,0
BRDA:38,2,1,0
BRDA:61,3,0,0
BRDA:61,3,1,0
BRDA:81,4,0,0
BRDA:81,4,1,0
BRDA:85,5,0,0
BRDA:85,5,1,0
BRDA:95,6,0,0
BRDA:95,6,1,0
BRDA:103,7,0,0
BRDA:103,7,1,0
BRDA:114,8,0,0
BRDA:114,8,1,0
BRF:18
BRH:0
end_of_record
TN:
SF:client\src\lib\queryClient.ts
FN:3,throwIfResNotOk
FN:10,apiRequest
FN:30,(anonymous_2)
FN:31,(anonymous_3)
FNF:4
FNH:0
FNDA:0,throwIfResNotOk
FNDA:0,apiRequest
FNDA:0,(anonymous_2)
FNDA:0,(anonymous_3)
DA:4,0
DA:5,0
DA:6,0
DA:15,0
DA:22,0
DA:23,0
DA:30,0
DA:31,0
DA:32,0
DA:36,0
DA:37,0
DA:40,0
DA:41,0
DA:44,0
LF:14
LH:0
BRDA:4,0,0,0
BRDA:4,0,1,0
BRDA:5,1,0,0
BRDA:5,1,1,0
BRDA:17,2,0,0
BRDA:17,2,1,0
BRDA:18,3,0,0
BRDA:18,3,1,0
BRDA:36,4,0,0
BRDA:36,4,1,0
BRDA:36,5,0,0
BRDA:36,5,1,0
BRF:12
BRH:0
end_of_record
TN:
SF:client\src\lib\utils.ts
FN:4,cn
FNF:1
FNH:0
FNDA:0,cn
DA:5,0
LF:1
LH:0
BRF:0
BRH:0
end_of_record
TN:
SF:client\src\lib\websocket.ts
FN:10,(anonymous_0)
FN:15,(anonymous_1)
FN:21,(anonymous_2)
FN:30,(anonymous_3)
FN:39,(anonymous_4)
FN:44,(anonymous_5)
FN:49,(anonymous_6)
FN:52,(anonymous_7)
FN:59,(anonymous_8)
FN:67,(anonymous_9)
FN:73,(anonymous_10)
FN:78,(anonymous_11)
FN:79,(anonymous_12)
FN:82,(anonymous_13)
FNF:14
FNH:0
FNDA:0,(anonymous_0)
FNDA:0,(anonymous_1)
FNDA:0,(anonymous_2)
FNDA:0,(anonymous_3)
FNDA:0,(anonymous_4)
FNDA:0,(anonymous_5)
FNDA:0,(anonymous_6)
FNDA:0,(anonymous_7)
FNDA:0,(anonymous_8)
FNDA:0,(anonymous_9)
FNDA:0,(anonymous_10)
FNDA:0,(anonymous_11)
FNDA:0,(anonymous_12)
FNDA:0,(anonymous_13)
DA:4,0
DA:5,0
DA:6,0
DA:7,0
DA:8,0
DA:11,0
DA:12,0
DA:16,0
DA:17,0
DA:19,0
DA:21,0
DA:22,0
DA:23,0
DA:25,0
DA:26,0
DA:30,0
DA:31,0
DA:32,0
DA:33,0
DA:35,0
DA:39,0
DA:40,0
DA:41,0
DA:44,0
DA:45,0
DA:50,0
DA:51,0
DA:52,0
DA:53,0
DA:54,0
DA:60,0
DA:61,0
DA:62,0
DA:64,0
DA:68,0
DA:69,0
DA:71,0
DA:73,0
DA:74,0
DA:79,0
DA:83,0
DA:84,0
DA:85,0
DA:86,0
DA:90,0
LF:45
LH:0
BRDA:16,0,0,0
BRDA:16,0,1,0
BRDA:25,1,0,0
BRDA:25,1,1,0
BRDA:50,2,0,0
BRDA:50,2,1,0
BRDA:60,3,0,0
BRDA:60,3,1,0
BRDA:68,4,0,0
BRDA:68,4,1,0
BRF:10
BRH:0
end_of_record
TN:
SF:client\src\types\index.ts
FNF:0
FNH:0
LF:0
LH:0
BRF:0
BRH:0
end_of_record
TN:
SF:server\2fa-service.ts
FN:14,(anonymous_0)
FN:36,(anonymous_1)
FN:48,(anonymous_2)
FN:55,(anonymous_3)
FN:95,(anonymous_4)
FN:106,(anonymous_5)
FN:122,(anonymous_6)
FN:140,(anonymous_7)
FN:147,(anonymous_8)
FNF:9
FNH:9
FNDA:3,(anonymous_0)
FNDA:2,(anonymous_1)
FNDA:3,(anonymous_2)
FNDA:3,(anonymous_3)
FNDA:3,(anonymous_4)
FNDA:3,(anonymous_5)
FNDA:3,(anonymous_6)
FNDA:5,(anonymous_7)
FNDA:5,(anonymous_8)
DA:15,3
DA:21,3
DA:24,3
DA:26,3
DA:37,2
DA:49,3
DA:56,3
DA:57,3
DA:59,3
DA:60,3
DA:76,3
DA:77,1
DA:80,2
DA:81,2
DA:82,0
DA:85,2
DA:87,1
DA:88,1
DA:96,3
DA:97,3
DA:98,30
DA:100,3
DA:107,3
DA:109,0
DA:111,0
DA:113,0
DA:115,3
DA:123,3
DA:125,3
DA:127,0
DA:129,0
DA:131,0
DA:133,3
DA:141,5
DA:148,5
DA:152,1
LF:36
LH:29
BRDA:14,0,0,3
BRDA:55,1,0,0
BRDA:76,2,0,1
BRDA:76,2,1,2
BRDA:81,3,0,0
BRDA:81,3,1,2
BRDA:107,4,0,0
BRDA:107,4,1,0
BRDA:107,4,2,0
BRDA:107,4,3,3
BRDA:125,5,0,0
BRDA:125,5,1,0
BRDA:125,5,2,0
BRDA:125,5,3,3
BRF:14
BRH:6
end_of_record
TN:
SF:server\ai-service.ts
FN:48,(anonymous_0)
FN:57,(anonymous_1)
FN:62,(anonymous_2)
FN:105,(anonymous_3)
FN:125,(anonymous_4)
FN:151,(anonymous_5)
FN:163,(anonymous_6)
FNF:7
FNH:5
FNDA:2,(anonymous_0)
FNDA:6,(anonymous_1)
FNDA:5,(anonymous_2)
FNDA:4,(anonymous_3)
FNDA:1,(anonymous_4)
FNDA:0,(anonymous_5)
FNDA:0,(anonymous_6)
DA:21,2
DA:22,2
DA:50,2
DA:58,6
DA:59,6
DA:63,5
DA:64,1
DA:67,4
DA:68,4
DA:71,4
DA:79,3
DA:80,3
DA:83,1
DA:92,3
DA:100,1
DA:101,1
DA:106,4
DA:107,4
DA:111,4
DA:126,1
DA:127,0
DA:130,1
DA:132,1
DA:133,1
DA:135,0
DA:147,0
DA:148,0
DA:151,0
DA:152,0
DA:155,0
DA:158,0
DA:159,0
DA:164,0
DA:165,0
DA:167,0
DA:171,1
LF:36
LH:24
BRDA:63,0,0,1
BRDA:63,0,1,4
BRDA:74,1,0,4
BRDA:74,1,1,2
BRDA:93,2,0,3
BRDA:93,2,1,0
BRDA:94,3,0,3
BRDA:94,3,1,0
BRDA:95,4,0,3
BRDA:95,4,1,0
BRDA:96,5,0,3
BRDA:96,5,1,0
BRDA:97,6,0,3
BRDA:97,6,1,0
BRDA:106,7,0,0
BRDA:106,7,1,4
BRDA:107,8,0,1
BRDA:107,8,1,3
BRDA:126,9,0,0
BRDA:126,9,1,1
BRDA:132,10,0,1
BRDA:132,10,1,0
BRDA:155,11,0,0
BRDA:155,11,1,0
BRDA:164,12,0,0
BRDA:164,12,1,0
BRF:26
BRH:14
end_of_record
TN:
SF:server\db-fallback.ts
FN:9,createDatabaseConnection
FN:47,(anonymous_1)
FNF:2
FNH:0
FNDA:0,createDatabaseConnection
FNDA:0,(anonymous_1)
DA:7,0
DA:10,0
DA:12,0
DA:26,0
DA:27,0
DA:28,0
DA:30,0
DA:31,0
DA:32,0
DA:34,0
DA:36,0
DA:37,0
DA:38,0
DA:39,0
DA:42,0
DA:47,0
DA:48,0
DA:49,0
DA:51,0
LF:19
LH:0
BRDA:13,0,0,0
BRDA:13,0,1,0
BRDA:14,1,0,0
BRDA:14,1,1,0
BRDA:15,2,0,0
BRDA:15,2,1,0
BRDA:16,3,0,0
BRDA:16,3,1,0
BRDA:17,4,0,0
BRDA:17,4,1,0
BRDA:48,5,0,0
BRDA:48,5,1,0
BRF:12
BRH:0
end_of_record
TN:
SF:server\db-mysql.ts
FN:5,createDatabaseConnection
FNF:1
FNH:0
FNDA:0,createDatabaseConnection
DA:6,0
DA:7,0
DA:10,0
DA:12,0
DA:21,0
DA:23,0
DA:24,0
DA:26,0
DA:27,0
DA:28,0
DA:32,0
LF:11
LH:0
BRDA:7,0,0,0
BRDA:7,0,1,0
BRDA:14,1,0,0
BRDA:14,1,1,0
BRF:4
BRH:0
end_of_record
TN:
SF:server\db-pg.ts
FN:6,createDatabaseConnection
FNF:1
FNH:0
FNDA:0,createDatabaseConnection
DA:7,0
DA:8,0
DA:9,0
DA:11,0
DA:12,0
DA:14,0
DA:15,0
DA:19,0
LF:8
LH:0
BRF:0
BRH:0
end_of_record
TN:
SF:server\db.ts
FN:8,createDatabaseConnection
FN:55,(anonymous_1)
FNF:2
FNH:0
FNDA:0,createDatabaseConnection
FNDA:0,(anonymous_1)
DA:6,0
DA:9,0
DA:10,0
DA:12,0
DA:13,0
DA:14,0
DA:16,0
DA:17,0
DA:19,0
DA:20,0
DA:21,0
DA:22,0
DA:25,0
DA:27,0
DA:36,0
DA:37,0
DA:38,0
DA:39,0
DA:40,0
DA:42,0
DA:43,0
DA:44,0
DA:45,0
DA:46,0
DA:47,0
DA:48,0
DA:52,0
DA:54,0
DA:55,0
DA:61,0
LF:30
LH:0
BRDA:6,0,0,0
BRDA:6,0,1,0
BRDA:10,1,0,0
BRDA:10,1,1,0
BRDA:16,2,0,0
BRDA:16,2,1,0
BRDA:28,3,0,0
BRDA:28,3,1,0
BRDA:29,4,0,0
BRDA:29,4,1,0
BRDA:30,5,0,0
BRDA:30,5,1,0
BRDA:31,6,0,0
BRDA:31,6,1,0
BRDA:32,7,0,0
BRDA:32,7,1,0
BRF:16
BRH:0
end_of_record
TN:
SF:server\example-model-integration.ts
FN:11,(anonymous_0)
FN:15,(anonymous_1)
FN:35,(anonymous_2)
FN:47,(anonymous_3)
FN:52,(anonymous_4)
FN:81,(anonymous_5)
FN:86,(anonymous_6)
FNF:7
FNH:0
FNDA:0,(anonymous_0)
FNDA:0,(anonymous_1)
FNDA:0,(anonymous_2)
FNDA:0,(anonymous_3)
FNDA:0,(anonymous_4)
FNDA:0,(anonymous_5)
FNDA:0,(anonymous_6)
DA:12,0
DA:16,0
DA:27,0
DA:28,0
DA:31,0
DA:32,0
DA:36,0
DA:37,0
DA:38,0
DA:48,0
DA:49,0
DA:53,0
DA:71,0
DA:72,0
DA:82,0
DA:83,0
DA:87,0
DA:91,0
DA:92,0
DA:95,0
DA:105,0
DA:106,0
LF:22
LH:0
BRDA:11,0,0,0
BRDA:21,1,0,0
BRDA:21,1,1,0
BRDA:22,2,0,0
BRDA:22,2,1,0
BRDA:23,3,0,0
BRDA:23,3,1,0
BRDA:27,4,0,0
BRDA:27,4,1,0
BRDA:32,5,0,0
BRDA:32,5,1,0
BRDA:32,5,2,0
BRDA:47,6,0,0
BRDA:64,7,0,0
BRDA:64,7,1,0
BRDA:65,8,0,0
BRDA:65,8,1,0
BRDA:72,9,0,0
BRDA:72,9,1,0
BRDA:91,10,0,0
BRDA:91,10,1,0
BRDA:100,11,0,0
BRDA:100,11,1,0
BRDA:101,12,0,0
BRDA:101,12,1,0
BRDA:106,13,0,0
BRDA:106,13,1,0
BRF:27
BRH:0
end_of_record
TN:
SF:server\index.ts
FN:9,(anonymous_0)
FN:15,(anonymous_1)
FN:20,(anonymous_2)
FN:39,(anonymous_3)
FN:42,(anonymous_4)
FN:63,(anonymous_5)
FNF:6
FNH:0
FNDA:0,(anonymous_0)
FNDA:0,(anonymous_1)
FNDA:0,(anonymous_2)
FNDA:0,(anonymous_3)
FNDA:0,(anonymous_4)
FNDA:0,(anonymous_5)
DA:5,0
DA:6,0
DA:7,0
DA:9,0
DA:10,0
DA:11,0
DA:12,0
DA:14,0
DA:15,0
DA:16,0
DA:17,0
DA:20,0
DA:21,0
DA:22,0
DA:23,0
DA:24,0
DA:25,0
DA:28,0
DA:29,0
DA:32,0
DA:36,0
DA:39,0
DA:40,0
DA:42,0
DA:43,0
DA:44,0
DA:46,0
DA:47,0
DA:53,0
DA:54,0
DA:56,0
DA:62,0
DA:63,0
DA:64,0
LF:34
LH:0
BRDA:22,0,0,0
BRDA:22,0,1,0
BRDA:24,1,0,0
BRDA:24,1,1,0
BRDA:28,2,0,0
BRDA:28,2,1,0
BRDA:43,3,0,0
BRDA:43,3,1,0
BRDA:43,3,2,0
BRDA:44,4,0,0
BRDA:44,4,1,0
BRDA:53,5,0,0
BRDA:53,5,1,0
BRF:13
BRH:0
end_of_record
TN:
SF:server\metrics.ts
FN:68,(anonymous_0)
FN:79,(anonymous_1)
FN:90,(anonymous_2)
FN:129,(anonymous_3)
FN:132,(anonymous_4)
FN:170,(anonymous_5)
FN:174,(anonymous_6)
FN:182,(anonymous_7)
FN:188,(anonymous_8)
FN:215,(anonymous_9)
FN:261,metricsHandler
FN:273,healthHandler
FNF:12
FNH:0
FNDA:0,(anonymous_0)
FNDA:0,(anonymous_1)
FNDA:0,(anonymous_2)
FNDA:0,(anonymous_3)
FNDA:0,(anonymous_4)
FNDA:0,(anonymous_5)
FNDA:0,(anonymous_6)
FNDA:0,(anonymous_7)
FNDA:0,(anonymous_8)
FNDA:0,(anonymous_9)
FNDA:0,metricsHandler
FNDA:0,healthHandler
DA:7,0
DA:10,0
DA:16,0
DA:22,0
DA:29,0
DA:34,0
DA:39,0
DA:45,0
DA:51,0
DA:57,0
DA:58,0
DA:59,0
DA:60,0
DA:61,0
DA:62,0
DA:63,0
DA:65,0
DA:68,0
DA:69,0
DA:70,0
DA:71,0
DA:72,0
DA:74,0
DA:79,0
DA:80,0
DA:90,0
DA:91,0
DA:105,0
DA:107,0
DA:109,0
DA:118,0
DA:129,0
DA:130,0
DA:132,0
DA:133,0
DA:134,0
DA:136,0
DA:142,0
DA:149,0
DA:166,0
DA:167,0
DA:168,0
DA:171,0
DA:175,0
DA:176,0
DA:177,0
DA:178,0
DA:183,0
DA:184,0
DA:185,0
DA:186,0
DA:188,0
DA:189,0
DA:192,0
DA:193,0
DA:196,0
DA:199,0
DA:201,0
DA:216,0
DA:218,0
DA:258,0
DA:262,0
DA:263,0
DA:264,0
DA:265,0
DA:267,0
DA:268,0
DA:274,0
DA:281,0
LF:69
LH:0
BRDA:97,0,0,0
BRDA:97,0,1,0
BRDA:134,1,0,0
BRDA:134,1,1,0
BRDA:174,2,0,0
BRDA:177,3,0,0
BRDA:177,3,1,0
BRDA:196,4,0,0
BRDA:196,4,1,0
BRDA:199,5,0,0
BRDA:199,5,1,0
BRDA:278,6,0,0
BRDA:278,6,1,0
BRF:13
BRH:0
end_of_record
TN:
SF:server\routes.ts
FN:20,authenticateToken
FN:28,(anonymous_1)
FN:38,generateVerificationCode
FN:43,sendVerificationCode
FN:54,registerRoutes
FN:66,(anonymous_5)
FN:69,(anonymous_6)
FN:142,(anonymous_7)
FN:154,(anonymous_8)
FN:201,(anonymous_9)
FN:269,(anonymous_10)
FN:288,(anonymous_11)
FN:331,(anonymous_12)
FN:357,(anonymous_13)
FN:383,(anonymous_14)
FN:424,(anonymous_15)
FN:453,(anonymous_16)
FN:506,(anonymous_17)
FN:532,(anonymous_18)
FN:547,(anonymous_19)
FN:557,(anonymous_20)
FN:576,(anonymous_21)
FN:594,(anonymous_22)
FN:611,(anonymous_23)
FN:621,(anonymous_24)
FNF:25
FNH:0
FNDA:0,authenticateToken
FNDA:0,(anonymous_1)
FNDA:0,generateVerificationCode
FNDA:0,sendVerificationCode
FNDA:0,registerRoutes
FNDA:0,(anonymous_5)
FNDA:0,(anonymous_6)
FNDA:0,(anonymous_7)
FNDA:0,(anonymous_8)
FNDA:0,(anonymous_9)
FNDA:0,(anonymous_10)
FNDA:0,(anonymous_11)
FNDA:0,(anonymous_12)
FNDA:0,(anonymous_13)
FNDA:0,(anonymous_14)
FNDA:0,(anonymous_15)
FNDA:0,(anonymous_16)
FNDA:0,(anonymous_17)
FNDA:0,(anonymous_18)
FNDA:0,(anonymous_19)
FNDA:0,(anonymous_20)
FNDA:0,(anonymous_21)
FNDA:0,(anonymous_22)
FNDA:0,(anonymous_23)
FNDA:0,(anonymous_24)
DA:14,0
DA:17,0
DA:21,0
DA:22,0
DA:24,0
DA:25,0
DA:28,0
DA:29,0
DA:30,0
DA:32,0
DA:33,0
DA:39,0
DA:44,0
DA:45,0
DA:47,0
DA:49,0
DA:50,0
DA:55,0
DA:58,0
DA:61,0
DA:66,0
DA:67,0
DA:69,0
DA:70,0
DA:71,0
DA:73,0
DA:75,0
DA:76,0
DA:77,0
DA:78,0
DA:80,0
DA:82,0
DA:84,0
DA:87,0
DA:94,0
DA:100,0
DA:101,0
DA:107,0
DA:117,0
DA:123,0
DA:124,0
DA:125,0
DA:126,0
DA:129,0
DA:130,0
DA:137,0
DA:138,0
DA:142,0
DA:144,0
DA:145,0
DA:146,0
DA:147,0
DA:154,0
DA:155,0
DA:156,0
DA:159,0
DA:160,0
DA:161,0
DA:165,0
DA:168,0
DA:176,0
DA:177,0
DA:186,0
DA:188,0
DA:193,0
DA:194,0
DA:195,0
DA:197,0
DA:201,0
DA:202,0
DA:203,0
DA:205,0
DA:206,0
DA:209,0
DA:210,0
DA:211,0
DA:214,0
DA:215,0
DA:216,0
DA:219,0
DA:220,0
DA:224,0
DA:225,0
DA:226,0
DA:234,0
DA:236,0
DA:244,0
DA:251,0
DA:253,0
DA:264,0
DA:265,0
DA:269,0
DA:270,0
DA:271,0
DA:273,0
DA:274,0
DA:275,0
DA:278,0
DA:279,0
DA:281,0
DA:283,0
DA:284,0
DA:288,0
DA:289,0
DA:290,0
DA:292,0
DA:293,0
DA:294,0
DA:297,0
DA:298,0
DA:299,0
DA:302,0
DA:305,0
DA:312,0
DA:314,0
DA:325,0
DA:326,0
DA:331,0
DA:332,0
DA:333,0
DA:334,0
DA:335,0
DA:338,0
DA:341,0
DA:346,0
DA:352,0
DA:353,0
DA:357,0
DA:358,0
DA:359,0
DA:360,0
DA:361,0
DA:365,0
DA:366,0
DA:374,0
DA:376,0
DA:378,0
DA:379,0
DA:383,0
DA:384,0
DA:385,0
DA:386,0
DA:388,0
DA:389,0
DA:392,0
DA:394,0
DA:395,0
DA:396,0
DA:398,0
DA:399,0
DA:400,0
DA:401,0
DA:402,0
DA:403,0
DA:407,0
DA:408,0
DA:412,0
DA:417,0
DA:419,0
DA:420,0
DA:424,0
DA:425,0
DA:426,0
DA:427,0
DA:429,0
DA:430,0
DA:434,0
DA:435,0
DA:436,0
DA:439,0
DA:445,0
DA:447,0
DA:448,0
DA:453,0
DA:454,0
DA:455,0
DA:456,0
DA:458,0
DA:459,0
DA:462,0
DA:464,0
DA:465,0
DA:466,0
DA:467,0
DA:468,0
DA:469,0
DA:470,0
DA:474,0
DA:475,0
DA:479,0
DA:486,0
DA:488,0
DA:500,0
DA:501,0
DA:506,0
DA:507,0
DA:508,0
DA:509,0
DA:510,0
DA:513,0
DA:526,0
DA:527,0
DA:532,0
DA:533,0
DA:534,0
DA:539,0
DA:540,0
DA:542,0
DA:543,0
DA:547,0
DA:548,0
DA:549,0
DA:550,0
DA:552,0
DA:553,0
DA:557,0
DA:558,0
DA:559,0
DA:562,0
DA:563,0
DA:564,0
DA:567,0
DA:568,0
DA:570,0
DA:571,0
DA:576,0
DA:577,0
DA:578,0
DA:580,0
DA:587,0
DA:589,0
DA:590,0
DA:594,0
DA:595,0
DA:596,0
DA:597,0
DA:599,0
DA:600,0
DA:603,0
DA:605,0
DA:606,0
DA:611,0
DA:612,0
DA:613,0
DA:614,0
DA:616,0
DA:617,0
DA:621,0
DA:622,0
DA:623,0
DA:624,0
DA:625,0
DA:627,0
DA:628,0
DA:632,0
LF:255
LH:0
BRDA:14,0,0,0
BRDA:14,0,1,0
BRDA:22,1,0,0
BRDA:22,1,1,0
BRDA:24,2,0,0
BRDA:24,2,1,0
BRDA:29,3,0,0
BRDA:29,3,1,0
BRDA:73,4,0,0
BRDA:73,4,1,0
BRDA:82,5,0,0
BRDA:82,5,1,0
BRDA:124,6,0,0
BRDA:124,6,1,0
BRDA:125,7,0,0
BRDA:125,7,1,0
BRDA:145,8,0,0
BRDA:145,8,1,0
BRDA:160,9,0,0
BRDA:160,9,1,0
BRDA:171,10,0,0
BRDA:171,10,1,0
BRDA:172,11,0,0
BRDA:172,11,1,0
BRDA:194,12,0,0
BRDA:194,12,1,0
BRDA:205,13,0,0
BRDA:205,13,1,0
BRDA:205,14,0,0
BRDA:205,14,1,0
BRDA:210,15,0,0
BRDA:210,15,1,0
BRDA:215,16,0,0
BRDA:215,16,1,0
BRDA:219,17,0,0
BRDA:219,17,1,0
BRDA:224,18,0,0
BRDA:224,18,1,0
BRDA:274,19,0,0
BRDA:274,19,1,0
BRDA:293,20,0,0
BRDA:293,20,1,0
BRDA:298,21,0,0
BRDA:298,21,1,0
BRDA:334,22,0,0
BRDA:334,22,1,0
BRDA:360,23,0,0
BRDA:360,23,1,0
BRDA:388,24,0,0
BRDA:388,24,1,0
BRDA:394,25,0,0
BRDA:394,25,1,0
BRDA:395,26,0,0
BRDA:395,26,1,0
BRDA:399,27,0,0
BRDA:399,27,1,0
BRDA:402,28,0,0
BRDA:402,28,1,0
BRDA:402,29,0,0
BRDA:402,29,1,0
BRDA:407,30,0,0
BRDA:407,30,1,0
BRDA:429,31,0,0
BRDA:429,31,1,0
BRDA:435,32,0,0
BRDA:435,32,1,0
BRDA:458,33,0,0
BRDA:458,33,1,0
BRDA:464,34,0,0
BRDA:464,34,1,0
BRDA:464,35,0,0
BRDA:464,35,1,0
BRDA:466,36,0,0
BRDA:466,36,1,0
BRDA:469,37,0,0
BRDA:469,37,1,0
BRDA:469,38,0,0
BRDA:469,38,1,0
BRDA:474,39,0,0
BRDA:474,39,1,0
BRDA:509,40,0,0
BRDA:509,40,1,0
BRDA:536,41,0,0
BRDA:536,41,1,0
BRDA:563,42,0,0
BRDA:563,42,1,0
BRDA:563,43,0,0
BRDA:563,43,1,0
BRDA:584,44,0,0
BRDA:584,44,1,0
BRDA:599,45,0,0
BRDA:599,45,1,0
BRF:92
BRH:0
end_of_record
TN:
SF:server\seed-database.ts
FN:5,seedDatabase
FNF:1
FNH:0
FNDA:0,seedDatabase
DA:6,0
DA:7,0
DA:10,0
DA:11,0
DA:12,0
DA:15,0
DA:25,0
DA:28,0
DA:38,0
DA:41,0
DA:51,0
DA:54,0
DA:69,0
DA:72,0
DA:82,0
DA:97,0
DA:99,0
DA:100,0
DA:101,0
DA:102,0
DA:103,0
DA:104,0
DA:105,0
DA:106,0
DA:107,0
DA:108,0
DA:109,0
DA:110,0
DA:111,0
DA:112,0
DA:113,0
DA:114,0
DA:115,0
DA:116,0
DA:117,0
DA:118,0
DA:119,0
DA:120,0
DA:121,0
DA:122,0
DA:123,0
DA:124,0
DA:125,0
DA:128,0
DA:130,0
DA:131,0
DA:132,0
DA:133,0
DA:134,0
DA:135,0
DA:136,0
DA:138,0
LF:52
LH:0
BRDA:130,0,0,0
BRDA:130,0,1,0
BRDA:130,1,0,0
BRDA:130,1,1,0
BRF:4
BRH:0
end_of_record
TN:
SF:server\storage-fallback.ts
FN:6,initializeStorage
FNF:1
FNH:0
FNDA:0,initializeStorage
DA:4,0
DA:7,0
DA:8,0
DA:12,0
DA:13,0
DA:14,0
DA:15,0
DA:17,0
DA:18,0
DA:19,0
DA:20,0
DA:22,0
DA:27,0
DA:28,0
DA:29,0
DA:30,0
LF:16
LH:0
BRDA:7,0,0,0
BRDA:7,0,1,0
BRDA:12,1,0,0
BRDA:12,1,1,0
BRDA:12,2,0,0
BRDA:12,2,1,0
BRF:6
BRH:0
end_of_record
TN:
SF:server\storage-mysql.ts
FN:17,(anonymous_0)
FN:25,(anonymous_1)
FN:31,(anonymous_2)
FN:37,(anonymous_3)
FN:48,(anonymous_4)
FN:57,(anonymous_5)
FN:68,(anonymous_6)
FN:76,(anonymous_7)
FN:82,(anonymous_8)
FN:91,(anonymous_9)
FN:102,(anonymous_10)
FN:111,(anonymous_11)
FN:122,(anonymous_12)
FN:166,(anonymous_13)
FN:166,(anonymous_14)
FN:172,(anonymous_15)
FN:221,(anonymous_16)
FN:230,(anonymous_17)
FN:241,(anonymous_18)
FN:250,(anonymous_19)
FN:261,(anonymous_20)
FN:279,(anonymous_21)
FN:287,(anonymous_22)
FN:298,(anonymous_23)
FN:306,(anonymous_24)
FNF:25
FNH:0
FNDA:0,(anonymous_0)
FNDA:0,(anonymous_1)
FNDA:0,(anonymous_2)
FNDA:0,(anonymous_3)
FNDA:0,(anonymous_4)
FNDA:0,(anonymous_5)
FNDA:0,(anonymous_6)
FNDA:0,(anonymous_7)
FNDA:0,(anonymous_8)
FNDA:0,(anonymous_9)
FNDA:0,(anonymous_10)
FNDA:0,(anonymous_11)
FNDA:0,(anonymous_12)
FNDA:0,(anonymous_13)
FNDA:0,(anonymous_14)
FNDA:0,(anonymous_15)
FNDA:0,(anonymous_16)
FNDA:0,(anonymous_17)
FNDA:0,(anonymous_18)
FNDA:0,(anonymous_19)
FNDA:0,(anonymous_20)
FNDA:0,(anonymous_21)
FNDA:0,(anonymous_22)
FNDA:0,(anonymous_23)
FNDA:0,(anonymous_24)
DA:15,0
DA:18,0
DA:19,0
DA:21,0
DA:26,0
DA:27,0
DA:28,0
DA:32,0
DA:33,0
DA:34,0
DA:38,0
DA:39,0
DA:44,0
DA:45,0
DA:49,0
DA:50,0
DA:51,0
DA:52,0
DA:53,0
DA:58,0
DA:59,0
DA:64,0
DA:65,0
DA:69,0
DA:70,0
DA:77,0
DA:78,0
DA:79,0
DA:83,0
DA:84,0
DA:85,0
DA:86,0
DA:87,0
DA:92,0
DA:93,0
DA:98,0
DA:99,0
DA:103,0
DA:104,0
DA:112,0
DA:113,0
DA:118,0
DA:119,0
DA:128,0
DA:129,0
DA:166,0
DA:173,0
DA:174,0
DA:213,0
DA:215,0
DA:222,0
DA:223,0
DA:224,0
DA:225,0
DA:226,0
DA:231,0
DA:232,0
DA:237,0
DA:238,0
DA:242,0
DA:243,0
DA:251,0
DA:252,0
DA:257,0
DA:258,0
DA:262,0
DA:263,0
DA:276,0
DA:280,0
DA:281,0
DA:288,0
DA:289,0
DA:294,0
DA:295,0
DA:299,0
DA:300,0
DA:307,0
DA:308,0
DA:314,0
LF:79
LH:0
BRDA:18,0,0,0
BRDA:18,0,1,0
BRDA:52,1,0,0
BRDA:52,1,1,0
BRDA:86,2,0,0
BRDA:86,2,1,0
BRDA:213,3,0,0
BRDA:213,3,1,0
BRDA:213,4,0,0
BRDA:213,4,1,0
BRDA:225,5,0,0
BRDA:225,5,1,0
BRF:12
BRH:0
end_of_record
TN:
SF:server\storage-pg.ts
FN:60,(anonymous_0)
FN:65,(anonymous_1)
FN:70,(anonymous_2)
FN:81,(anonymous_3)
FN:94,(anonymous_4)
FN:105,(anonymous_5)
FN:113,(anonymous_6)
FN:121,(anonymous_7)
FN:134,(anonymous_8)
FN:142,(anonymous_9)
FN:151,(anonymous_10)
FN:162,(anonymous_11)
FN:230,(anonymous_12)
FN:273,(anonymous_13)
FN:286,(anonymous_14)
FN:294,(anonymous_15)
FN:303,(anonymous_16)
FN:311,(anonymous_17)
FN:327,(anonymous_18)
FN:335,(anonymous_19)
FN:343,(anonymous_20)
FN:351,(anonymous_21)
FNF:22
FNH:0
FNDA:0,(anonymous_0)
FNDA:0,(anonymous_1)
FNDA:0,(anonymous_2)
FNDA:0,(anonymous_3)
FNDA:0,(anonymous_4)
FNDA:0,(anonymous_5)
FNDA:0,(anonymous_6)
FNDA:0,(anonymous_7)
FNDA:0,(anonymous_8)
FNDA:0,(anonymous_9)
FNDA:0,(anonymous_10)
FNDA:0,(anonymous_11)
FNDA:0,(anonymous_12)
FNDA:0,(anonymous_13)
FNDA:0,(anonymous_14)
FNDA:0,(anonymous_15)
FNDA:0,(anonymous_16)
FNDA:0,(anonymous_17)
FNDA:0,(anonymous_18)
FNDA:0,(anonymous_19)
FNDA:0,(anonymous_20)
FNDA:0,(anonymous_21)
DA:61,0
DA:62,0
DA:66,0
DA:67,0
DA:71,0
DA:78,0
DA:82,0
DA:90,0
DA:95,0
DA:102,0
DA:106,0
DA:114,0
DA:118,0
DA:122,0
DA:130,0
DA:135,0
DA:139,0
DA:143,0
DA:152,0
DA:159,0
DA:168,0
DA:207,0
DA:208,0
DA:210,0
DA:211,0
DA:214,0
DA:215,0
DA:218,0
DA:219,0
DA:222,0
DA:223,0
DA:227,0
DA:231,0
DA:270,0
DA:274,0
DA:282,0
DA:287,0
DA:291,0
DA:295,0
DA:304,0
DA:308,0
DA:312,0
DA:324,0
DA:328,0
DA:336,0
DA:340,0
DA:344,0
DA:352,0
DA:359,0
LF:49
LH:0
BRDA:62,0,0,0
BRDA:62,0,1,0
BRDA:67,1,0,0
BRDA:67,1,1,0
BRDA:118,2,0,0
BRDA:118,2,1,0
BRDA:207,3,0,0
BRDA:207,3,1,0
BRDA:210,4,0,0
BRDA:210,4,1,0
BRDA:214,5,0,0
BRDA:214,5,1,0
BRDA:218,6,0,0
BRDA:218,6,1,0
BRDA:222,7,0,0
BRDA:222,7,1,0
BRDA:270,8,0,0
BRDA:270,8,1,0
BRDA:324,9,0,0
BRDA:324,9,1,0
BRF:20
BRH:0
end_of_record
TN:
SF:server\storage.ts
FN:72,(anonymous_0)
FN:76,(anonymous_1)
FN:85,(anonymous_2)
FN:111,(anonymous_3)
FN:126,(anonymous_4)
FN:140,(anonymous_5)
FN:142,(anonymous_6)
FN:143,(anonymous_7)
FN:146,(anonymous_8)
FN:150,(anonymous_9)
FN:165,(anonymous_10)
FN:180,(anonymous_11)
FN:182,(anonymous_12)
FN:183,(anonymous_13)
FN:187,(anonymous_14)
FN:206,(anonymous_15)
FN:216,(anonymous_16)
FN:218,(anonymous_17)
FN:222,(anonymous_18)
FN:225,(anonymous_19)
FN:227,(anonymous_20)
FN:246,(anonymous_21)
FN:249,(anonymous_22)
FN:259,(anonymous_23)
FN:274,(anonymous_24)
FN:287,(anonymous_25)
FN:289,(anonymous_26)
FN:290,(anonymous_27)
FN:294,(anonymous_28)
FN:308,(anonymous_29)
FN:323,(anonymous_30)
FN:331,(anonymous_31)
FN:345,(anonymous_32)
FN:347,(anonymous_33)
FN:348,(anonymous_34)
FN:351,(anonymous_35)
FN:363,initializeStorage
FNF:37
FNH:0
FNDA:0,(anonymous_0)
FNDA:0,(anonymous_1)
FNDA:0,(anonymous_2)
FNDA:0,(anonymous_3)
FNDA:0,(anonymous_4)
FNDA:0,(anonymous_5)
FNDA:0,(anonymous_6)
FNDA:0,(anonymous_7)
FNDA:0,(anonymous_8)
FNDA:0,(anonymous_9)
FNDA:0,(anonymous_10)
FNDA:0,(anonymous_11)
FNDA:0,(anonymous_12)
FNDA:0,(anonymous_13)
FNDA:0,(anonymous_14)
FNDA:0,(anonymous_15)
FNDA:0,(anonymous_16)
FNDA:0,(anonymous_17)
FNDA:0,(anonymous_18)
FNDA:0,(anonymous_19)
FNDA:0,(anonymous_20)
FNDA:0,(anonymous_21)
FNDA:0,(anonymous_22)
FNDA:0,(anonymous_23)
FNDA:0,(anonymous_24)
FNDA:0,(anonymous_25)
FNDA:0,(anonymous_26)
FNDA:0,(anonymous_27)
FNDA:0,(anonymous_28)
FNDA:0,(anonymous_29)
FNDA:0,(anonymous_30)
FNDA:0,(anonymous_31)
FNDA:0,(anonymous_32)
FNDA:0,(anonymous_33)
FNDA:0,(anonymous_34)
FNDA:0,(anonymous_35)
FNDA:0,initializeStorage
DA:63,0
DA:64,0
DA:65,0
DA:66,0
DA:67,0
DA:68,0
DA:69,0
DA:73,0
DA:77,0
DA:78,0
DA:79,0
DA:82,0
DA:86,0
DA:107,0
DA:108,0
DA:112,0
DA:113,0
DA:114,0
DA:116,0
DA:121,0
DA:122,0
DA:127,0
DA:136,0
DA:137,0
DA:141,0
DA:142,0
DA:143,0
DA:147,0
DA:151,0
DA:152,0
DA:153,0
DA:155,0
DA:160,0
DA:161,0
DA:166,0
DA:176,0
DA:177,0
DA:181,0
DA:182,0
DA:183,0
DA:188,0
DA:202,0
DA:203,0
DA:212,0
DA:214,0
DA:215,0
DA:216,0
DA:217,0
DA:218,0
DA:221,0
DA:222,0
DA:224,0
DA:225,0
DA:226,0
DA:227,0
DA:232,0
DA:233,0
DA:234,0
DA:235,0
DA:236,0
DA:237,0
DA:238,0
DA:241,0
DA:246,0
DA:250,0
DA:251,0
DA:253,0
DA:254,0
DA:256,0
DA:260,0
DA:261,0
DA:262,0
DA:264,0
DA:269,0
DA:270,0
DA:275,0
DA:283,0
DA:284,0
DA:288,0
DA:289,0
DA:290,0
DA:295,0
DA:304,0
DA:305,0
DA:309,0
DA:310,0
DA:317,0
DA:320,0
DA:324,0
DA:325,0
DA:326,0
DA:332,0
DA:341,0
DA:342,0
DA:346,0
DA:347,0
DA:348,0
DA:352,0
DA:353,0
DA:354,0
DA:360,0
DA:364,0
DA:368,0
LF:103
LH:0
BRDA:78,0,0,0
BRDA:78,0,1,0
BRDA:93,1,0,0
BRDA:93,1,1,0
BRDA:94,2,0,0
BRDA:94,2,1,0
BRDA:95,3,0,0
BRDA:95,3,1,0
BRDA:96,4,0,0
BRDA:96,4,1,0
BRDA:97,5,0,0
BRDA:97,5,1,0
BRDA:98,6,0,0
BRDA:98,6,1,0
BRDA:99,7,0,0
BRDA:99,7,1,0
BRDA:100,8,0,0
BRDA:100,8,1,0
BRDA:101,9,0,0
BRDA:101,9,1,0
BRDA:102,10,0,0
BRDA:102,10,1,0
BRDA:103,11,0,0
BRDA:103,11,1,0
BRDA:113,12,0,0
BRDA:113,12,1,0
BRDA:131,13,0,0
BRDA:131,13,1,0
BRDA:132,14,0,0
BRDA:132,14,1,0
BRDA:143,15,0,0
BRDA:143,15,1,0
BRDA:143,16,0,0
BRDA:143,16,1,0
BRDA:152,17,0,0
BRDA:152,17,1,0
BRDA:171,18,0,0
BRDA:171,18,1,0
BRDA:172,19,0,0
BRDA:172,19,1,0
BRDA:173,20,0,0
BRDA:173,20,1,0
BRDA:183,21,0,0
BRDA:183,21,1,0
BRDA:183,22,0,0
BRDA:183,22,1,0
BRDA:214,23,0,0
BRDA:214,23,1,0
BRDA:215,24,0,0
BRDA:215,24,1,0
BRDA:217,25,0,0
BRDA:217,25,1,0
BRDA:221,26,0,0
BRDA:221,26,1,0
BRDA:222,27,0,0
BRDA:222,27,1,0
BRDA:224,28,0,0
BRDA:224,28,1,0
BRDA:226,29,0,0
BRDA:226,29,1,0
BRDA:235,30,0,0
BRDA:235,30,1,0
BRDA:236,31,0,0
BRDA:236,31,1,0
BRDA:237,32,0,0
BRDA:237,32,1,0
BRDA:246,33,0,0
BRDA:246,33,1,0
BRDA:246,34,0,0
BRDA:246,34,1,0
BRDA:251,35,0,0
BRDA:251,35,1,0
BRDA:254,36,0,0
BRDA:254,36,1,0
BRDA:261,37,0,0
BRDA:261,37,1,0
BRDA:281,38,0,0
BRDA:281,38,1,0
BRDA:290,39,0,0
BRDA:290,39,1,0
BRDA:290,40,0,0
BRDA:290,40,1,0
BRDA:302,41,0,0
BRDA:302,41,1,0
BRDA:310,42,0,0
BRDA:310,42,1,0
BRDA:311,43,0,0
BRDA:311,43,1,0
BRDA:311,43,2,0
BRDA:311,43,3,0
BRDA:311,43,4,0
BRDA:325,44,0,0
BRDA:325,44,1,0
BRDA:338,45,0,0
BRDA:338,45,1,0
BRDA:339,46,0,0
BRDA:339,46,1,0
BRDA:348,47,0,0
BRDA:348,47,1,0
BRDA:348,48,0,0
BRDA:348,48,1,0
BRDA:353,49,0,0
BRDA:353,49,1,0
BRDA:360,50,0,0
BRDA:360,50,1,0
BRF:105
BRH:0
end_of_record
TN:
SF:server\vite.ts
FN:11,log
FN:22,setupVite
FN:34,(anonymous_2)
FN:44,(anonymous_3)
FN:70,serveStatic
FN:82,(anonymous_5)
FNF:6
FNH:0
FNDA:0,log
FNDA:0,setupVite
FNDA:0,(anonymous_2)
FNDA:0,(anonymous_3)
FNDA:0,serveStatic
FNDA:0,(anonymous_5)
DA:9,0
DA:12,0
DA:19,0
DA:23,0
DA:29,0
DA:35,0
DA:36,0
DA:43,0
DA:44,0
DA:45,0
DA:47,0
DA:48,0
DA:56,0
DA:57,0
DA:61,0
DA:62,0
DA:64,0
DA:65,0
DA:71,0
DA:73,0
DA:74,0
DA:79,0
DA:82,0
DA:83,0
LF:24
LH:0
BRDA:11,0,0,0
BRDA:73,1,0,0
BRDA:73,1,1,0
BRF:3
BRH:0
end_of_record
